{"uuid":"4ee44b4d-c676-4f7f-9cd8-8efd1d3b1362","historyId":"9151b2922d1929468f01254778f599c6","fullName":"Tests.Regression_Suit.verify_Case4","labels":[{"name":"package","value":"Tests.Regression_Suit"},{"name":"testClass","value":"Tests.Regression_Suit"},{"name":"testMethod","value":"verify_Case4"},{"name":"parentSuite","value":"Default Suite"},{"name":"suite","value":"main.java"},{"name":"subSuite","value":"Tests.Regression_Suit"},{"name":"host","value":"ITOPSs-MacBook-Pro-3.local"},{"name":"thread","value":"23189@ITOPSs-MacBook-Pro-3.local.main(1)"},{"name":"framework","value":"testng"},{"name":"language","value":"java"}],"links":[],"name":"verify_Case4","status":"skipped","statusDetails":{"known":false,"muted":false,"flaky":false,"message":"Cannot run program \"xvfb-run\": error=2, No such file or directory","trace":"java.io.IOException: Cannot run program \"xvfb-run\": error=2, No such file or directory\n\tat java.base/java.lang.ProcessBuilder.start(ProcessBuilder.java:1143)\n\tat java.base/java.lang.ProcessBuilder.start(ProcessBuilder.java:1073)\n\tat java.base/java.lang.Runtime.exec(Runtime.java:615)\n\tat java.base/java.lang.Runtime.exec(Runtime.java:439)\n\tat java.base/java.lang.Runtime.exec(Runtime.java:322)\n\tat Pages.Base.driver(Base.java:47)\n\tat Tests.Regression_Suit.BeforeSuite(Regression_Suit.java:34)\n\tat java.base/jdk.internal.reflect.DirectMethodHandleAccessor.invoke(DirectMethodHandleAccessor.java:104)\n\tat java.base/java.lang.reflect.Method.invoke(Method.java:578)\n\tat org.testng.internal.MethodInvocationHelper.invokeMethod(MethodInvocationHelper.java:124)\n\tat org.testng.internal.MethodInvocationHelper.invokeMethodConsideringTimeout(MethodInvocationHelper.java:59)\n\tat org.testng.internal.Invoker.invokeConfigurationMethod(Invoker.java:458)\n\tat org.testng.internal.Invoker.invokeConfigurations(Invoker.java:222)\n\tat org.testng.internal.Invoker.invokeConfigurations(Invoker.java:142)\n\tat org.testng.SuiteRunner.privateRun(SuiteRunner.java:401)\n\tat org.testng.SuiteRunner.run(SuiteRunner.java:364)\n\tat org.testng.SuiteRunnerWorker.runSuite(SuiteRunnerWorker.java:52)\n\tat org.testng.SuiteRunnerWorker.run(SuiteRunnerWorker.java:84)\n\tat org.testng.TestNG.runSuitesSequentially(TestNG.java:1208)\n\tat org.testng.TestNG.runSuitesLocally(TestNG.java:1137)\n\tat org.testng.TestNG.runSuites(TestNG.java:1049)\n\tat org.testng.TestNG.run(TestNG.java:1017)\n\tat com.intellij.rt.testng.IDEARemoteTestNG.run(IDEARemoteTestNG.java:66)\n\tat com.intellij.rt.testng.RemoteTestNGStarter.main(RemoteTestNGStarter.java:109)\nCaused by: java.io.IOException: error=2, No such file or directory\n\tat java.base/java.lang.ProcessImpl.forkAndExec(Native Method)\n\tat java.base/java.lang.ProcessImpl.<init>(ProcessImpl.java:319)\n\tat java.base/java.lang.ProcessImpl.start(ProcessImpl.java:249)\n\tat java.base/java.lang.ProcessBuilder.start(ProcessBuilder.java:1110)\n\t... 23 more\n"},"stage":"finished","steps":[],"attachments":[],"parameters":[],"start":1685363592464,"stop":1685363592464}