-------------------------------------------------------------------------------
Test set: Tests.demo
-------------------------------------------------------------------------------
Tests run: 2, Failures: 1, Errors: 0, Skipped: 0, Time elapsed: 114.233 sec <<< FAILURE!
click_skumatching_module(Tests.demo)  Time elapsed: 23.792 sec  <<< FAILURE!
java.lang.AssertionError: expected [true] but found [false]
	at org.testng.Assert.fail(Assert.java:96)
	at org.testng.Assert.failNotEquals(Assert.java:776)
	at org.testng.Assert.assertTrue(Assert.java:44)
	at org.testng.Assert.assertTrue(Assert.java:54)
	at Pages.DarazPricingDatabasePage.verify_search_sku_name_lower_case(DarazPricingDatabasePage.java:37)
	at Tests.demo.click_skumatching_module(demo.java:48)

