-------------------------------------------------------------------------------
Test set: Tests.Regression_Suit
-------------------------------------------------------------------------------
Tests run: 198, Failures: 16, Errors: 0, Skipped: 0, Time elapsed: 1,483.555 s <<< FAILURE! - in Tests.Regression_Suit
getandcomparedata(Tests.Regression_Suit)  Time elapsed: 59.407 s  <<< FAILURE!
java.lang.AssertionError: expected [150] but found [148]
	at Tests.Regression_Suit.getandcomparedata(Regression_Suit.java:180)

download_create_task_templete(Tests.Regression_Suit)  Time elapsed: 2.888 s  <<< FAILURE!
java.nio.file.NoSuchFileException: /home/qaautomation/Downloads
	at Tests.Regression_Suit.download_create_task_templete(Regression_Suit.java:221)

verify_get_task_data(Tests.Regression_Suit)  Time elapsed: 14.182 s  <<< FAILURE!
java.text.ParseException: Unparseable date: "Wed, 20 Sep 2023 20:37:29 GMT"
	at Tests.Regression_Suit.verify_get_task_data(Regression_Suit.java:240)

add_offline_competitor_sku_match_valid_data_verify_button_disabled_on_sku_name_and_competitor_name_and_price(Tests.Regression_Suit)  Time elapsed: 3.452 s  <<< FAILURE!
org.openqa.selenium.ElementClickInterceptedException: 
element click intercepted: Element <a class="nav-link">...</a> is not clickable at point (556, 123). Other element would receive the click: <div class="loader">...</div>
  (Session info: headless chrome=110.0.5481.177)
Build info: version: '4.10.0', revision: 'c14d967899'
System info: os.name: 'Mac OS X', os.arch: 'aarch64', os.version: '13.5.1', java.version: '19.0.1'
Driver info: org.openqa.selenium.chrome.ChromeDriver
Command: [746302c38a1ab8bb049f9d9d78b93d68, clickElement {id=3ef37641-0138-4c98-998d-8564991cb8bd}]
Capabilities {acceptInsecureCerts: false, browserName: chrome, browserVersion: 110.0.5481.177, chrome: {chromedriverVersion: 110.0.5481.77 (65ed616c6e8e..., userDataDir: /var/folders/cn/t8j6szvx4_n...}, goog:chromeOptions: {debuggerAddress: localhost:52036}, networkConnectionEnabled: false, pageLoadStrategy: normal, platformName: mac, proxy: Proxy(), setWindowRect: true, strictFileInteractability: false, timeouts: {implicit: 0, pageLoad: 300000, script: 30000}, unhandledPromptBehavior: dismiss and notify, webauthn:extension:credBlob: true, webauthn:extension:largeBlob: true, webauthn:virtualAuthenticators: true}
Element: [[ChromeDriver: chrome on mac (746302c38a1ab8bb049f9d9d78b93d68)] -> xpath: //ul[@class = 'nav nav-tabs nav-pills']/li/a[contains(text(),'Offline')]]
Session ID: 746302c38a1ab8bb049f9d9d78b93d68
	at Tests.Regression_Suit.add_offline_competitor_sku_match_valid_data_verify_button_disabled_on_sku_name_and_competitor_name_and_price(Regression_Suit.java:343)

download_file_task_details(Tests.Regression_Suit)  Time elapsed: 2.818 s  <<< FAILURE!
java.nio.file.NoSuchFileException: /home/qaautomation/Downloads
	at Tests.Regression_Suit.download_file_task_details(Regression_Suit.java:453)

download_templete_online_matches(Tests.Regression_Suit)  Time elapsed: 2.154 s  <<< FAILURE!
java.nio.file.NoSuchFileException: /home/qaautomation/Downloads
	at Tests.Regression_Suit.download_templete_online_matches(Regression_Suit.java:518)

online_get_task_data(Tests.Regression_Suit)  Time elapsed: 14.161 s  <<< FAILURE!
java.text.ParseException: Unparseable date: "Wed, 20 Sep 2023 20:40:53 GMT"
	at Tests.Regression_Suit.online_get_task_data(Regression_Suit.java:522)

online_download_file_task_details(Tests.Regression_Suit)  Time elapsed: 3.41 s  <<< FAILURE!
java.nio.file.NoSuchFileException: /home/qaautomation/Downloads
	at Tests.Regression_Suit.online_download_file_task_details(Regression_Suit.java:728)

upload_offline_match_valid_file_click_upload(Tests.Regression_Suit)  Time elapsed: 61.846 s  <<< FAILURE!
org.openqa.selenium.TimeoutException: Expected condition failed: waiting for visibility of Proxy element for: DefaultElementLocator 'By.cssSelector: div.alert.fade.show' (tried for 60 second(s) with 500 milliseconds interval)
	at Tests.Regression_Suit.upload_offline_match_valid_file_click_upload(Regression_Suit.java:773)
Caused by: org.openqa.selenium.NoSuchElementException: 
no such element: Unable to locate element: {"method":"css selector","selector":"div.alert.fade.show"}
  (Session info: headless chrome=110.0.5481.177)
For documentation on this error, please visit: https://www.selenium.dev/documentation/webdriver/troubleshooting/errors#no-such-element-exception
Build info: version: '4.10.0', revision: 'c14d967899'
System info: os.name: 'Mac OS X', os.arch: 'aarch64', os.version: '13.5.1', java.version: '19.0.1'
Driver info: org.openqa.selenium.chrome.ChromeDriver
Command: [746302c38a1ab8bb049f9d9d78b93d68, findElement {using=css selector, value=div.alert.fade.show}]
Capabilities {acceptInsecureCerts: false, browserName: chrome, browserVersion: 110.0.5481.177, chrome: {chromedriverVersion: 110.0.5481.77 (65ed616c6e8e..., userDataDir: /var/folders/cn/t8j6szvx4_n...}, goog:chromeOptions: {debuggerAddress: localhost:52036}, networkConnectionEnabled: false, pageLoadStrategy: normal, platformName: mac, proxy: Proxy(), setWindowRect: true, strictFileInteractability: false, timeouts: {implicit: 0, pageLoad: 300000, script: 30000}, unhandledPromptBehavior: dismiss and notify, webauthn:extension:credBlob: true, webauthn:extension:largeBlob: true, webauthn:virtualAuthenticators: true}
Session ID: 746302c38a1ab8bb049f9d9d78b93d68
	at Tests.Regression_Suit.upload_offline_match_valid_file_click_upload(Regression_Suit.java:773)

download_templete_offline_matches(Tests.Regression_Suit)  Time elapsed: 2.548 s  <<< FAILURE!
java.nio.file.NoSuchFileException: /home/qaautomation/Downloads
	at Tests.Regression_Suit.download_templete_offline_matches(Regression_Suit.java:793)

offline_get_task_data(Tests.Regression_Suit)  Time elapsed: 14.164 s  <<< FAILURE!
java.text.ParseException: Unparseable date: "Wed, 20 Sep 2023 20:40:53 GMT"
	at Tests.Regression_Suit.offline_get_task_data(Regression_Suit.java:797)

offline_label_user(Tests.Regression_Suit)  Time elapsed: 2.06 s  <<< FAILURE!
java.lang.AssertionError: expected [Chaldal_bdPandaMartPickaboo_bdShajgojStartech_BDtest competitor] but found [Tech Team]
	at Tests.Regression_Suit.offline_label_user(Regression_Suit.java:995)

offline_label_created_time(Tests.Regression_Suit)  Time elapsed: 0.03 s  <<< FAILURE!
java.text.ParseException: Unparseable date: "Tech Team"
	at Tests.Regression_Suit.offline_label_created_time(Regression_Suit.java:998)

offline_download_file_task_details(Tests.Regression_Suit)  Time elapsed: 2.771 s  <<< FAILURE!
java.nio.file.NoSuchFileException: /home/qaautomation/Downloads
	at Tests.Regression_Suit.offline_download_file_task_details(Regression_Suit.java:1001)

dpdp_mark_verified(Tests.Regression_Suit)  Time elapsed: 68.189 s  <<< FAILURE!
org.openqa.selenium.TimeoutException: 
Expected condition failed: waiting for visibility of [[ChromeDriver: chrome on mac (746302c38a1ab8bb049f9d9d78b93d68)] -> css selector: table.table.table-striped.table-hover tbody tr:nth-child(1) td:nth-child(9) p.reason] (tried for 60 second(s) with 500 milliseconds interval)
Build info: version: '4.10.0', revision: 'c14d967899'
System info: os.name: 'Mac OS X', os.arch: 'aarch64', os.version: '13.5.1', java.version: '19.0.1'
Driver info: org.openqa.selenium.chrome.ChromeDriver
Capabilities {acceptInsecureCerts: false, browserName: chrome, browserVersion: 110.0.5481.177, chrome: {chromedriverVersion: 110.0.5481.77 (65ed616c6e8e..., userDataDir: /var/folders/cn/t8j6szvx4_n...}, goog:chromeOptions: {debuggerAddress: localhost:52036}, networkConnectionEnabled: false, pageLoadStrategy: normal, platformName: mac, proxy: Proxy(), setWindowRect: true, strictFileInteractability: false, timeouts: {implicit: 0, pageLoad: 300000, script: 30000}, unhandledPromptBehavior: dismiss and notify, webauthn:extension:credBlob: true, webauthn:extension:largeBlob: true, webauthn:virtualAuthenticators: true}
Session ID: 746302c38a1ab8bb049f9d9d78b93d68
	at Tests.Regression_Suit.dpdp_mark_verified(Regression_Suit.java:1076)

dpdp_verify_mark_inaccurate_dropdown(Tests.Regression_Suit)  Time elapsed: 2.612 s  <<< FAILURE!
org.openqa.selenium.NoSuchElementException: 
no such element: Unable to locate element: {"method":"xpath","selector":"//ul[@class='nav nav-tabs nav-pills']/li/a[contains(text(),'Chaldal_bd')]"}
  (Session info: headless chrome=110.0.5481.177)
For documentation on this error, please visit: https://www.selenium.dev/documentation/webdriver/troubleshooting/errors#no-such-element-exception
Build info: version: '4.10.0', revision: 'c14d967899'
System info: os.name: 'Mac OS X', os.arch: 'aarch64', os.version: '13.5.1', java.version: '19.0.1'
Driver info: org.openqa.selenium.chrome.ChromeDriver
Command: [746302c38a1ab8bb049f9d9d78b93d68, findElement {using=xpath, value=//ul[@class='nav nav-tabs nav-pills']/li/a[contains(text(),'Chaldal_bd')]}]
Capabilities {acceptInsecureCerts: false, browserName: chrome, browserVersion: 110.0.5481.177, chrome: {chromedriverVersion: 110.0.5481.77 (65ed616c6e8e..., userDataDir: /var/folders/cn/t8j6szvx4_n...}, goog:chromeOptions: {debuggerAddress: localhost:52036}, networkConnectionEnabled: false, pageLoadStrategy: normal, platformName: mac, proxy: Proxy(), setWindowRect: true, strictFileInteractability: false, timeouts: {implicit: 0, pageLoad: 300000, script: 30000}, unhandledPromptBehavior: dismiss and notify, webauthn:extension:credBlob: true, webauthn:extension:largeBlob: true, webauthn:virtualAuthenticators: true}
Session ID: 746302c38a1ab8bb049f9d9d78b93d68
	at Tests.Regression_Suit.dpdp_verify_mark_inaccurate_dropdown(Regression_Suit.java:1079)

