<?xml version="1.0" encoding="UTF-8"?>
<testsuite xmlns:xsi="http://www.w3.org/2001/XMLSchema-instance" xsi:noNamespaceSchemaLocation="https://maven.apache.org/surefire/maven-surefire-plugin/xsd/surefire-test-report.xsd" name="Tests.Regression_Suit" time="1,483.555" tests="198" errors="0" skipped="0" failures="16">
  <properties>
    <property name="http.proxyHost" value="127.0.0.1"/>
    <property name="java.specification.version" value="19"/>
    <property name="sun.jnu.encoding" value="UTF-8"/>
    <property name="java.class.path" value="/Users/farhanahmedsheikh/Documents/Projects/project/Webautomation/target/test-classes:/Users/farhanahmedsheikh/Documents/Projects/project/Webautomation/target/classes:/Users/farhanahmedsheikh/.m2/repository/org/seleniumhq/selenium/selenium-java/4.10.0/selenium-java-4.10.0.jar:/Users/farhanahmedsheikh/.m2/repository/org/seleniumhq/selenium/selenium-api/4.10.0/selenium-api-4.10.0.jar:/Users/farhanahmedsheikh/.m2/repository/org/seleniumhq/selenium/selenium-chrome-driver/4.10.0/selenium-chrome-driver-4.10.0.jar:/Users/farhanahmedsheikh/.m2/repository/com/google/auto/service/auto-service-annotations/1.0.1/auto-service-annotations-1.0.1.jar:/Users/farhanahmedsheikh/.m2/repository/com/google/auto/service/auto-service/1.0.1/auto-service-1.0.1.jar:/Users/farhanahmedsheikh/.m2/repository/com/google/auto/auto-common/1.2/auto-common-1.2.jar:/Users/farhanahmedsheikh/.m2/repository/com/google/guava/guava/31.1-jre/guava-31.1-jre.jar:/Users/farhanahmedsheikh/.m2/repository/com/google/guava/failureaccess/1.0.1/failureaccess-1.0.1.jar:/Users/farhanahmedsheikh/.m2/repository/com/google/guava/listenablefuture/9999.0-empty-to-avoid-conflict-with-guava/listenablefuture-9999.0-empty-to-avoid-conflict-with-guava.jar:/Users/farhanahmedsheikh/.m2/repository/com/google/code/findbugs/jsr305/3.0.2/jsr305-3.0.2.jar:/Users/farhanahmedsheikh/.m2/repository/org/checkerframework/checker-qual/3.12.0/checker-qual-3.12.0.jar:/Users/farhanahmedsheikh/.m2/repository/com/google/errorprone/error_prone_annotations/2.11.0/error_prone_annotations-2.11.0.jar:/Users/farhanahmedsheikh/.m2/repository/com/google/j2objc/j2objc-annotations/1.3/j2objc-annotations-1.3.jar:/Users/farhanahmedsheikh/.m2/repository/org/seleniumhq/selenium/selenium-chromium-driver/4.10.0/selenium-chromium-driver-4.10.0.jar:/Users/farhanahmedsheikh/.m2/repository/org/seleniumhq/selenium/selenium-json/4.10.0/selenium-json-4.10.0.jar:/Users/farhanahmedsheikh/.m2/repository/org/seleniumhq/selenium/selenium-manager/4.10.0/selenium-manager-4.10.0.jar:/Users/farhanahmedsheikh/.m2/repository/org/seleniumhq/selenium/selenium-devtools-v112/4.10.0/selenium-devtools-v112-4.10.0.jar:/Users/farhanahmedsheikh/.m2/repository/org/seleniumhq/selenium/selenium-devtools-v113/4.10.0/selenium-devtools-v113-4.10.0.jar:/Users/farhanahmedsheikh/.m2/repository/org/seleniumhq/selenium/selenium-devtools-v114/4.10.0/selenium-devtools-v114-4.10.0.jar:/Users/farhanahmedsheikh/.m2/repository/org/seleniumhq/selenium/selenium-devtools-v85/4.10.0/selenium-devtools-v85-4.10.0.jar:/Users/farhanahmedsheikh/.m2/repository/org/seleniumhq/selenium/selenium-edge-driver/4.10.0/selenium-edge-driver-4.10.0.jar:/Users/farhanahmedsheikh/.m2/repository/org/seleniumhq/selenium/selenium-firefox-driver/4.10.0/selenium-firefox-driver-4.10.0.jar:/Users/farhanahmedsheikh/.m2/repository/org/seleniumhq/selenium/selenium-http/4.10.0/selenium-http-4.10.0.jar:/Users/farhanahmedsheikh/.m2/repository/dev/failsafe/failsafe/3.3.1/failsafe-3.3.1.jar:/Users/farhanahmedsheikh/.m2/repository/org/seleniumhq/selenium/selenium-ie-driver/4.10.0/selenium-ie-driver-4.10.0.jar:/Users/farhanahmedsheikh/.m2/repository/org/seleniumhq/selenium/selenium-remote-driver/4.10.0/selenium-remote-driver-4.10.0.jar:/Users/farhanahmedsheikh/.m2/repository/io/netty/netty-buffer/4.1.92.Final/netty-buffer-4.1.92.Final.jar:/Users/farhanahmedsheikh/.m2/repository/io/netty/netty-codec-http/4.1.92.Final/netty-codec-http-4.1.92.Final.jar:/Users/farhanahmedsheikh/.m2/repository/io/netty/netty-codec/4.1.92.Final/netty-codec-4.1.92.Final.jar:/Users/farhanahmedsheikh/.m2/repository/io/netty/netty-handler/4.1.92.Final/netty-handler-4.1.92.Final.jar:/Users/farhanahmedsheikh/.m2/repository/io/netty/netty-common/4.1.92.Final/netty-common-4.1.92.Final.jar:/Users/farhanahmedsheikh/.m2/repository/io/netty/netty-transport-classes-epoll/4.1.92.Final/netty-transport-classes-epoll-4.1.92.Final.jar:/Users/farhanahmedsheikh/.m2/repository/io/netty/netty-transport-classes-kqueue/4.1.92.Final/netty-transport-classes-kqueue-4.1.92.Final.jar:/Users/farhanahmedsheikh/.m2/repository/io/netty/netty-transport-native-epoll/4.1.92.Final/netty-transport-native-epoll-4.1.92.Final.jar:/Users/farhanahmedsheikh/.m2/repository/io/netty/netty-transport-native-kqueue/4.1.92.Final/netty-transport-native-kqueue-4.1.92.Final.jar:/Users/farhanahmedsheikh/.m2/repository/io/netty/netty-transport-native-unix-common/4.1.92.Final/netty-transport-native-unix-common-4.1.92.Final.jar:/Users/farhanahmedsheikh/.m2/repository/io/netty/netty-transport/4.1.92.Final/netty-transport-4.1.92.Final.jar:/Users/farhanahmedsheikh/.m2/repository/io/netty/netty-resolver/4.1.92.Final/netty-resolver-4.1.92.Final.jar:/Users/farhanahmedsheikh/.m2/repository/io/opentelemetry/opentelemetry-api/1.26.0/opentelemetry-api-1.26.0.jar:/Users/farhanahmedsheikh/.m2/repository/io/opentelemetry/opentelemetry-context/1.26.0/opentelemetry-context-1.26.0.jar:/Users/farhanahmedsheikh/.m2/repository/io/opentelemetry/opentelemetry-exporter-logging/1.26.0/opentelemetry-exporter-logging-1.26.0.jar:/Users/farhanahmedsheikh/.m2/repository/io/opentelemetry/opentelemetry-sdk-metrics/1.26.0/opentelemetry-sdk-metrics-1.26.0.jar:/Users/farhanahmedsheikh/.m2/repository/io/opentelemetry/opentelemetry-extension-incubator/1.26.0-alpha/opentelemetry-extension-incubator-1.26.0-alpha.jar:/Users/farhanahmedsheikh/.m2/repository/io/opentelemetry/opentelemetry-sdk-logs/1.26.0-alpha/opentelemetry-sdk-logs-1.26.0-alpha.jar:/Users/farhanahmedsheikh/.m2/repository/io/opentelemetry/opentelemetry-api-logs/1.26.0-alpha/opentelemetry-api-logs-1.26.0-alpha.jar:/Users/farhanahmedsheikh/.m2/repository/io/opentelemetry/opentelemetry-api-events/1.26.0-alpha/opentelemetry-api-events-1.26.0-alpha.jar:/Users/farhanahmedsheikh/.m2/repository/io/opentelemetry/opentelemetry-sdk-common/1.26.0/opentelemetry-sdk-common-1.26.0.jar:/Users/farhanahmedsheikh/.m2/repository/io/opentelemetry/opentelemetry-sdk-extension-autoconfigure-spi/1.26.0/opentelemetry-sdk-extension-autoconfigure-spi-1.26.0.jar:/Users/farhanahmedsheikh/.m2/repository/io/opentelemetry/opentelemetry-sdk-extension-autoconfigure/1.26.0-alpha/opentelemetry-sdk-extension-autoconfigure-1.26.0-alpha.jar:/Users/farhanahmedsheikh/.m2/repository/io/opentelemetry/opentelemetry-sdk-trace/1.26.0/opentelemetry-sdk-trace-1.26.0.jar:/Users/farhanahmedsheikh/.m2/repository/io/opentelemetry/opentelemetry-sdk/1.26.0/opentelemetry-sdk-1.26.0.jar:/Users/farhanahmedsheikh/.m2/repository/io/opentelemetry/opentelemetry-semconv/1.26.0-alpha/opentelemetry-semconv-1.26.0-alpha.jar:/Users/farhanahmedsheikh/.m2/repository/net/bytebuddy/byte-buddy/1.14.4/byte-buddy-1.14.4.jar:/Users/farhanahmedsheikh/.m2/repository/org/asynchttpclient/async-http-client/2.12.3/async-http-client-2.12.3.jar:/Users/farhanahmedsheikh/.m2/repository/org/asynchttpclient/async-http-client-netty-utils/2.12.3/async-http-client-netty-utils-2.12.3.jar:/Users/farhanahmedsheikh/.m2/repository/io/netty/netty-codec-socks/4.1.60.Final/netty-codec-socks-4.1.60.Final.jar:/Users/farhanahmedsheikh/.m2/repository/io/netty/netty-handler-proxy/4.1.60.Final/netty-handler-proxy-4.1.60.Final.jar:/Users/farhanahmedsheikh/.m2/repository/io/netty/netty-transport-native-epoll/4.1.60.Final/netty-transport-native-epoll-4.1.60.Final-linux-x86_64.jar:/Users/farhanahmedsheikh/.m2/repository/io/netty/netty-transport-native-kqueue/4.1.60.Final/netty-transport-native-kqueue-4.1.60.Final-osx-x86_64.jar:/Users/farhanahmedsheikh/.m2/repository/org/reactivestreams/reactive-streams/1.0.3/reactive-streams-1.0.3.jar:/Users/farhanahmedsheikh/.m2/repository/com/typesafe/netty/netty-reactive-streams/2.0.4/netty-reactive-streams-2.0.4.jar:/Users/farhanahmedsheikh/.m2/repository/com/sun/activation/jakarta.activation/1.2.2/jakarta.activation-1.2.2.jar:/Users/farhanahmedsheikh/.m2/repository/org/seleniumhq/selenium/selenium-safari-driver/4.10.0/selenium-safari-driver-4.10.0.jar:/Users/farhanahmedsheikh/.m2/repository/org/seleniumhq/selenium/selenium-support/4.10.0/selenium-support-4.10.0.jar:/Users/farhanahmedsheikh/.m2/repository/io/github/bonigarcia/webdrivermanager/5.3.2/webdrivermanager-5.3.2.jar:/Users/farhanahmedsheikh/.m2/repository/org/slf4j/slf4j-api/2.0.6/slf4j-api-2.0.6.jar:/Users/farhanahmedsheikh/.m2/repository/com/google/code/gson/gson/2.10.1/gson-2.10.1.jar:/Users/farhanahmedsheikh/.m2/repository/com/github/docker-java/docker-java/3.2.14/docker-java-3.2.14.jar:/Users/farhanahmedsheikh/.m2/repository/com/github/docker-java/docker-java-core/3.2.14/docker-java-core-3.2.14.jar:/Users/farhanahmedsheikh/.m2/repository/com/github/docker-java/docker-java-api/3.2.14/docker-java-api-3.2.14.jar:/Users/farhanahmedsheikh/.m2/repository/com/fasterxml/jackson/core/jackson-annotations/2.10.3/jackson-annotations-2.10.3.jar:/Users/farhanahmedsheikh/.m2/repository/commons-io/commons-io/2.6/commons-io-2.6.jar:/Users/farhanahmedsheikh/.m2/repository/org/apache/commons/commons-compress/1.21/commons-compress-1.21.jar:/Users/farhanahmedsheikh/.m2/repository/com/fasterxml/jackson/core/jackson-databind/2.10.3/jackson-databind-2.10.3.jar:/Users/farhanahmedsheikh/.m2/repository/com/fasterxml/jackson/core/jackson-core/2.10.3/jackson-core-2.10.3.jar:/Users/farhanahmedsheikh/.m2/repository/org/bouncycastle/bcpkix-jdk15on/1.64/bcpkix-jdk15on-1.64.jar:/Users/farhanahmedsheikh/.m2/repository/org/bouncycastle/bcprov-jdk15on/1.64/bcprov-jdk15on-1.64.jar:/Users/farhanahmedsheikh/.m2/repository/org/slf4j/jcl-over-slf4j/1.7.30/jcl-over-slf4j-1.7.30.jar:/Users/farhanahmedsheikh/.m2/repository/com/github/docker-java/docker-java-transport-httpclient5/3.2.14/docker-java-transport-httpclient5-3.2.14.jar:/Users/farhanahmedsheikh/.m2/repository/com/github/docker-java/docker-java-transport/3.2.14/docker-java-transport-3.2.14.jar:/Users/farhanahmedsheikh/.m2/repository/net/java/dev/jna/jna/5.12.1/jna-5.12.1.jar:/Users/farhanahmedsheikh/.m2/repository/org/brotli/dec/0.1.2/dec-0.1.2.jar:/Users/farhanahmedsheikh/.m2/repository/org/apache/commons/commons-lang3/3.12.0/commons-lang3-3.12.0.jar:/Users/farhanahmedsheikh/.m2/repository/org/apache/httpcomponents/client5/httpclient5/5.2.1/httpclient5-5.2.1.jar:/Users/farhanahmedsheikh/.m2/repository/org/apache/httpcomponents/core5/httpcore5/5.2/httpcore5-5.2.jar:/Users/farhanahmedsheikh/.m2/repository/org/apache/httpcomponents/core5/httpcore5-h2/5.2/httpcore5-h2-5.2.jar:/Users/farhanahmedsheikh/.m2/repository/org/slf4j/slf4j-log4j12/1.7.26/slf4j-log4j12-1.7.26.jar:/Users/farhanahmedsheikh/.m2/repository/log4j/log4j/1.2.17/log4j-1.2.17.jar:/Users/farhanahmedsheikh/.m2/repository/io/qameta/allure/allure-testng/2.21.0/allure-testng-2.21.0.jar:/Users/farhanahmedsheikh/.m2/repository/io/qameta/allure/allure-java-commons/2.21.0/allure-java-commons-2.21.0.jar:/Users/farhanahmedsheikh/.m2/repository/io/qameta/allure/allure-model/2.21.0/allure-model-2.21.0.jar:/Users/farhanahmedsheikh/.m2/repository/io/qameta/allure/allure-test-filter/2.21.0/allure-test-filter-2.21.0.jar:/Users/farhanahmedsheikh/.m2/repository/com/github/stephenc/monte/monte-screen-recorder/0.7.7.0/monte-screen-recorder-0.7.7.0.jar:/Users/farhanahmedsheikh/.m2/repository/io/qameta/allure/allure-maven/2.8/allure-maven-2.8.jar:/Users/farhanahmedsheikh/.m2/repository/org/apache/httpcomponents/httpclient/4.5.3/httpclient-4.5.3.jar:/Users/farhanahmedsheikh/.m2/repository/org/apache/httpcomponents/httpcore/4.4.6/httpcore-4.4.6.jar:/Users/farhanahmedsheikh/.m2/repository/commons-logging/commons-logging/1.2/commons-logging-1.2.jar:/Users/farhanahmedsheikh/.m2/repository/commons-codec/commons-codec/1.9/commons-codec-1.9.jar:/Users/farhanahmedsheikh/.m2/repository/org/apache/maven/maven-core/3.3.9/maven-core-3.3.9.jar:/Users/farhanahmedsheikh/.m2/repository/org/apache/maven/maven-model/3.3.9/maven-model-3.3.9.jar:/Users/farhanahmedsheikh/.m2/repository/org/apache/maven/maven-settings/3.3.9/maven-settings-3.3.9.jar:/Users/farhanahmedsheikh/.m2/repository/org/apache/maven/maven-settings-builder/3.3.9/maven-settings-builder-3.3.9.jar:/Users/farhanahmedsheikh/.m2/repository/org/apache/maven/maven-builder-support/3.3.9/maven-builder-support-3.3.9.jar:/Users/farhanahmedsheikh/.m2/repository/org/apache/maven/maven-repository-metadata/3.3.9/maven-repository-metadata-3.3.9.jar:/Users/farhanahmedsheikh/.m2/repository/org/apache/maven/maven-artifact/3.3.9/maven-artifact-3.3.9.jar:/Users/farhanahmedsheikh/.m2/repository/org/apache/maven/maven-plugin-api/3.3.9/maven-plugin-api-3.3.9.jar:/Users/farhanahmedsheikh/.m2/repository/org/apache/maven/maven-model-builder/3.3.9/maven-model-builder-3.3.9.jar:/Users/farhanahmedsheikh/.m2/repository/org/apache/maven/maven-aether-provider/3.3.9/maven-aether-provider-3.3.9.jar:/Users/farhanahmedsheikh/.m2/repository/org/eclipse/aether/aether-spi/1.0.2.v20150114/aether-spi-1.0.2.v20150114.jar:/Users/farhanahmedsheikh/.m2/repository/org/eclipse/aether/aether-impl/1.0.2.v20150114/aether-impl-1.0.2.v20150114.jar:/Users/farhanahmedsheikh/.m2/repository/org/eclipse/aether/aether-api/1.0.2.v20150114/aether-api-1.0.2.v20150114.jar:/Users/farhanahmedsheikh/.m2/repository/org/eclipse/aether/aether-util/1.0.2.v20150114/aether-util-1.0.2.v20150114.jar:/Users/farhanahmedsheikh/.m2/repository/org/eclipse/sisu/org.eclipse.sisu.plexus/0.3.2/org.eclipse.sisu.plexus-0.3.2.jar:/Users/farhanahmedsheikh/.m2/repository/javax/enterprise/cdi-api/1.0/cdi-api-1.0.jar:/Users/farhanahmedsheikh/.m2/repository/javax/annotation/jsr250-api/1.0/jsr250-api-1.0.jar:/Users/farhanahmedsheikh/.m2/repository/org/eclipse/sisu/org.eclipse.sisu.inject/0.3.2/org.eclipse.sisu.inject-0.3.2.jar:/Users/farhanahmedsheikh/.m2/repository/com/google/inject/guice/4.0/guice-4.0-no_aop.jar:/Users/farhanahmedsheikh/.m2/repository/javax/inject/javax.inject/1/javax.inject-1.jar:/Users/farhanahmedsheikh/.m2/repository/aopalliance/aopalliance/1.0/aopalliance-1.0.jar:/Users/farhanahmedsheikh/.m2/repository/org/codehaus/plexus/plexus-interpolation/1.21/plexus-interpolation-1.21.jar:/Users/farhanahmedsheikh/.m2/repository/org/codehaus/plexus/plexus-utils/3.0.22/plexus-utils-3.0.22.jar:/Users/farhanahmedsheikh/.m2/repository/org/codehaus/plexus/plexus-classworlds/2.5.2/plexus-classworlds-2.5.2.jar:/Users/farhanahmedsheikh/.m2/repository/org/codehaus/plexus/plexus-component-annotations/1.6/plexus-component-annotations-1.6.jar:/Users/farhanahmedsheikh/.m2/repository/org/sonatype/plexus/plexus-sec-dispatcher/1.3/plexus-sec-dispatcher-1.3.jar:/Users/farhanahmedsheikh/.m2/repository/org/sonatype/plexus/plexus-cipher/1.4/plexus-cipher-1.4.jar:/Users/farhanahmedsheikh/.m2/repository/org/apache/maven/reporting/maven-reporting-impl/2.4/maven-reporting-impl-2.4.jar:/Users/farhanahmedsheikh/.m2/repository/org/apache/maven/reporting/maven-reporting-api/3.0/maven-reporting-api-3.0.jar:/Users/farhanahmedsheikh/.m2/repository/org/apache/maven/maven-project/2.2.1/maven-project-2.2.1.jar:/Users/farhanahmedsheikh/.m2/repository/org/apache/maven/maven-profile/2.2.1/maven-profile-2.2.1.jar:/Users/farhanahmedsheikh/.m2/repository/org/apache/maven/maven-artifact-manager/2.2.1/maven-artifact-manager-2.2.1.jar:/Users/farhanahmedsheikh/.m2/repository/backport-util-concurrent/backport-util-concurrent/3.1/backport-util-concurrent-3.1.jar:/Users/farhanahmedsheikh/.m2/repository/org/apache/maven/maven-plugin-registry/2.2.1/maven-plugin-registry-2.2.1.jar:/Users/farhanahmedsheikh/.m2/repository/org/codehaus/plexus/plexus-container-default/1.0-alpha-9-stable-1/plexus-container-default-1.0-alpha-9-stable-1.jar:/Users/farhanahmedsheikh/.m2/repository/junit/junit/3.8.1/junit-3.8.1.jar:/Users/farhanahmedsheikh/.m2/repository/classworlds/classworlds/1.1-alpha-2/classworlds-1.1-alpha-2.jar:/Users/farhanahmedsheikh/.m2/repository/org/apache/maven/shared/maven-shared-utils/0.6/maven-shared-utils-0.6.jar:/Users/farhanahmedsheikh/.m2/repository/org/apache/maven/doxia/doxia-sink-api/1.6/doxia-sink-api-1.6.jar:/Users/farhanahmedsheikh/.m2/repository/org/apache/maven/doxia/doxia-logging-api/1.6/doxia-logging-api-1.6.jar:/Users/farhanahmedsheikh/.m2/repository/org/apache/maven/doxia/doxia-core/1.6/doxia-core-1.6.jar:/Users/farhanahmedsheikh/.m2/repository/xerces/xercesImpl/2.9.1/xercesImpl-2.9.1.jar:/Users/farhanahmedsheikh/.m2/repository/commons-lang/commons-lang/2.4/commons-lang-2.4.jar:/Users/farhanahmedsheikh/.m2/repository/xmlunit/xmlunit/1.5/xmlunit-1.5.jar:/Users/farhanahmedsheikh/.m2/repository/org/apache/maven/doxia/doxia-site-renderer/1.6/doxia-site-renderer-1.6.jar:/Users/farhanahmedsheikh/.m2/repository/org/apache/maven/doxia/doxia-decoration-model/1.6/doxia-decoration-model-1.6.jar:/Users/farhanahmedsheikh/.m2/repository/org/apache/maven/doxia/doxia-module-xhtml/1.6/doxia-module-xhtml-1.6.jar:/Users/farhanahmedsheikh/.m2/repository/org/apache/maven/doxia/doxia-module-fml/1.6/doxia-module-fml-1.6.jar:/Users/farhanahmedsheikh/.m2/repository/org/codehaus/plexus/plexus-i18n/1.0-beta-7/plexus-i18n-1.0-beta-7.jar:/Users/farhanahmedsheikh/.m2/repository/org/codehaus/plexus/plexus-velocity/1.1.7/plexus-velocity-1.1.7.jar:/Users/farhanahmedsheikh/.m2/repository/org/apache/velocity/velocity-tools/2.0/velocity-tools-2.0.jar:/Users/farhanahmedsheikh/.m2/repository/commons-chain/commons-chain/1.1/commons-chain-1.1.jar:/Users/farhanahmedsheikh/.m2/repository/dom4j/dom4j/1.1/dom4j-1.1.jar:/Users/farhanahmedsheikh/.m2/repository/sslext/sslext/1.2-0/sslext-1.2-0.jar:/Users/farhanahmedsheikh/.m2/repository/org/apache/struts/struts-core/1.3.8/struts-core-1.3.8.jar:/Users/farhanahmedsheikh/.m2/repository/antlr/antlr/2.7.2/antlr-2.7.2.jar:/Users/farhanahmedsheikh/.m2/repository/org/apache/struts/struts-taglib/1.3.8/struts-taglib-1.3.8.jar:/Users/farhanahmedsheikh/.m2/repository/org/apache/struts/struts-tiles/1.3.8/struts-tiles-1.3.8.jar:/Users/farhanahmedsheikh/.m2/repository/commons-validator/commons-validator/1.4.1/commons-validator-1.4.1.jar:/Users/farhanahmedsheikh/.m2/repository/commons-digester/commons-digester/1.8.1/commons-digester-1.8.1.jar:/Users/farhanahmedsheikh/.m2/repository/commons-beanutils/commons-beanutils/1.9.3/commons-beanutils-1.9.3.jar:/Users/farhanahmedsheikh/.m2/repository/commons-collections/commons-collections/3.2.2/commons-collections-3.2.2.jar:/Users/farhanahmedsheikh/.m2/repository/net/lingala/zip4j/zip4j/1.3.2/zip4j-1.3.2.jar:/Users/farhanahmedsheikh/.m2/repository/org/apache/commons/commons-exec/1.3/commons-exec-1.3.jar:/Users/farhanahmedsheikh/.m2/repository/org/apache/maven/plugin-tools/maven-plugin-annotations/3.2/maven-plugin-annotations-3.2.jar:/Users/farhanahmedsheikh/.m2/repository/org/apache/maven/plugins/maven-jxr-plugin/2.5/maven-jxr-plugin-2.5.jar:/Users/farhanahmedsheikh/.m2/repository/org/apache/velocity/velocity/1.5/velocity-1.5.jar:/Users/farhanahmedsheikh/.m2/repository/oro/oro/2.0.8/oro-2.0.8.jar:/Users/farhanahmedsheikh/.m2/repository/org/apache/maven/maven-jxr/2.5/maven-jxr-2.5.jar:/Users/farhanahmedsheikh/.m2/repository/org/apache/maven/wagon/wagon-provider-api/1.0/wagon-provider-api-1.0.jar:/Users/farhanahmedsheikh/.m2/repository/xml-apis/xml-apis/1.0.b2/xml-apis-1.0.b2.jar:/Users/farhanahmedsheikh/.m2/repository/xalan/xalan/2.7.0/xalan-2.7.0.jar:/Users/farhanahmedsheikh/.m2/repository/org/aspectj/aspectjweaver/1.9.19/aspectjweaver-1.9.19.jar:/Users/farhanahmedsheikh/.m2/repository/org/testng/testng/6.14.3/testng-6.14.3.jar:/Users/farhanahmedsheikh/.m2/repository/com/beust/jcommander/1.72/jcommander-1.72.jar:/Users/farhanahmedsheikh/.m2/repository/org/apache-extras/beanshell/bsh/2.0b6/bsh-2.0b6.jar:/Users/farhanahmedsheikh/.m2/repository/org/apache/maven/surefire/surefire-testng-utils/2.21.0/surefire-testng-utils-2.21.0.jar:/Users/farhanahmedsheikh/.m2/repository/org/apache/maven/surefire/surefire-grouper/2.21.0/surefire-grouper-2.21.0.jar:"/>
    <property name="https.proxyPort" value="8888"/>
    <property name="java.vm.vendor" value="Oracle Corporation"/>
    <property name="sun.arch.data.model" value="64"/>
    <property name="java.vendor.url" value="https://java.oracle.com/"/>
    <property name="os.name" value="Mac OS X"/>
    <property name="java.vm.specification.version" value="19"/>
    <property name="sun.java.launcher" value="SUN_STANDARD"/>
    <property name="user.country" value="PK"/>
    <property name="sun.boot.library.path" value="/Library/Java/JavaVirtualMachines/jdk-19.jdk/Contents/Home/lib"/>
    <property name="sun.java.command" value="/Users/farhanahmedsheikh/Documents/Projects/project/Webautomation/target/surefire/surefirebooter10653422289852201581.jar /Users/farhanahmedsheikh/Documents/Projects/project/Webautomation/target/surefire 2023-09-21T01-32-37_061-jvmRun1 surefire12544831118168903710tmp surefire_03485003006268410197tmp"/>
    <property name="jdk.debug" value="release"/>
    <property name="test" value="Regression_Suit"/>
    <property name="surefire.test.class.path" value="/Users/farhanahmedsheikh/Documents/Projects/project/Webautomation/target/test-classes:/Users/farhanahmedsheikh/Documents/Projects/project/Webautomation/target/classes:/Users/farhanahmedsheikh/.m2/repository/org/seleniumhq/selenium/selenium-java/4.10.0/selenium-java-4.10.0.jar:/Users/farhanahmedsheikh/.m2/repository/org/seleniumhq/selenium/selenium-api/4.10.0/selenium-api-4.10.0.jar:/Users/farhanahmedsheikh/.m2/repository/org/seleniumhq/selenium/selenium-chrome-driver/4.10.0/selenium-chrome-driver-4.10.0.jar:/Users/farhanahmedsheikh/.m2/repository/com/google/auto/service/auto-service-annotations/1.0.1/auto-service-annotations-1.0.1.jar:/Users/farhanahmedsheikh/.m2/repository/com/google/auto/service/auto-service/1.0.1/auto-service-1.0.1.jar:/Users/farhanahmedsheikh/.m2/repository/com/google/auto/auto-common/1.2/auto-common-1.2.jar:/Users/farhanahmedsheikh/.m2/repository/com/google/guava/guava/31.1-jre/guava-31.1-jre.jar:/Users/farhanahmedsheikh/.m2/repository/com/google/guava/failureaccess/1.0.1/failureaccess-1.0.1.jar:/Users/farhanahmedsheikh/.m2/repository/com/google/guava/listenablefuture/9999.0-empty-to-avoid-conflict-with-guava/listenablefuture-9999.0-empty-to-avoid-conflict-with-guava.jar:/Users/farhanahmedsheikh/.m2/repository/com/google/code/findbugs/jsr305/3.0.2/jsr305-3.0.2.jar:/Users/farhanahmedsheikh/.m2/repository/org/checkerframework/checker-qual/3.12.0/checker-qual-3.12.0.jar:/Users/farhanahmedsheikh/.m2/repository/com/google/errorprone/error_prone_annotations/2.11.0/error_prone_annotations-2.11.0.jar:/Users/farhanahmedsheikh/.m2/repository/com/google/j2objc/j2objc-annotations/1.3/j2objc-annotations-1.3.jar:/Users/farhanahmedsheikh/.m2/repository/org/seleniumhq/selenium/selenium-chromium-driver/4.10.0/selenium-chromium-driver-4.10.0.jar:/Users/farhanahmedsheikh/.m2/repository/org/seleniumhq/selenium/selenium-json/4.10.0/selenium-json-4.10.0.jar:/Users/farhanahmedsheikh/.m2/repository/org/seleniumhq/selenium/selenium-manager/4.10.0/selenium-manager-4.10.0.jar:/Users/farhanahmedsheikh/.m2/repository/org/seleniumhq/selenium/selenium-devtools-v112/4.10.0/selenium-devtools-v112-4.10.0.jar:/Users/farhanahmedsheikh/.m2/repository/org/seleniumhq/selenium/selenium-devtools-v113/4.10.0/selenium-devtools-v113-4.10.0.jar:/Users/farhanahmedsheikh/.m2/repository/org/seleniumhq/selenium/selenium-devtools-v114/4.10.0/selenium-devtools-v114-4.10.0.jar:/Users/farhanahmedsheikh/.m2/repository/org/seleniumhq/selenium/selenium-devtools-v85/4.10.0/selenium-devtools-v85-4.10.0.jar:/Users/farhanahmedsheikh/.m2/repository/org/seleniumhq/selenium/selenium-edge-driver/4.10.0/selenium-edge-driver-4.10.0.jar:/Users/farhanahmedsheikh/.m2/repository/org/seleniumhq/selenium/selenium-firefox-driver/4.10.0/selenium-firefox-driver-4.10.0.jar:/Users/farhanahmedsheikh/.m2/repository/org/seleniumhq/selenium/selenium-http/4.10.0/selenium-http-4.10.0.jar:/Users/farhanahmedsheikh/.m2/repository/dev/failsafe/failsafe/3.3.1/failsafe-3.3.1.jar:/Users/farhanahmedsheikh/.m2/repository/org/seleniumhq/selenium/selenium-ie-driver/4.10.0/selenium-ie-driver-4.10.0.jar:/Users/farhanahmedsheikh/.m2/repository/org/seleniumhq/selenium/selenium-remote-driver/4.10.0/selenium-remote-driver-4.10.0.jar:/Users/farhanahmedsheikh/.m2/repository/io/netty/netty-buffer/4.1.92.Final/netty-buffer-4.1.92.Final.jar:/Users/farhanahmedsheikh/.m2/repository/io/netty/netty-codec-http/4.1.92.Final/netty-codec-http-4.1.92.Final.jar:/Users/farhanahmedsheikh/.m2/repository/io/netty/netty-codec/4.1.92.Final/netty-codec-4.1.92.Final.jar:/Users/farhanahmedsheikh/.m2/repository/io/netty/netty-handler/4.1.92.Final/netty-handler-4.1.92.Final.jar:/Users/farhanahmedsheikh/.m2/repository/io/netty/netty-common/4.1.92.Final/netty-common-4.1.92.Final.jar:/Users/farhanahmedsheikh/.m2/repository/io/netty/netty-transport-classes-epoll/4.1.92.Final/netty-transport-classes-epoll-4.1.92.Final.jar:/Users/farhanahmedsheikh/.m2/repository/io/netty/netty-transport-classes-kqueue/4.1.92.Final/netty-transport-classes-kqueue-4.1.92.Final.jar:/Users/farhanahmedsheikh/.m2/repository/io/netty/netty-transport-native-epoll/4.1.92.Final/netty-transport-native-epoll-4.1.92.Final.jar:/Users/farhanahmedsheikh/.m2/repository/io/netty/netty-transport-native-kqueue/4.1.92.Final/netty-transport-native-kqueue-4.1.92.Final.jar:/Users/farhanahmedsheikh/.m2/repository/io/netty/netty-transport-native-unix-common/4.1.92.Final/netty-transport-native-unix-common-4.1.92.Final.jar:/Users/farhanahmedsheikh/.m2/repository/io/netty/netty-transport/4.1.92.Final/netty-transport-4.1.92.Final.jar:/Users/farhanahmedsheikh/.m2/repository/io/netty/netty-resolver/4.1.92.Final/netty-resolver-4.1.92.Final.jar:/Users/farhanahmedsheikh/.m2/repository/io/opentelemetry/opentelemetry-api/1.26.0/opentelemetry-api-1.26.0.jar:/Users/farhanahmedsheikh/.m2/repository/io/opentelemetry/opentelemetry-context/1.26.0/opentelemetry-context-1.26.0.jar:/Users/farhanahmedsheikh/.m2/repository/io/opentelemetry/opentelemetry-exporter-logging/1.26.0/opentelemetry-exporter-logging-1.26.0.jar:/Users/farhanahmedsheikh/.m2/repository/io/opentelemetry/opentelemetry-sdk-metrics/1.26.0/opentelemetry-sdk-metrics-1.26.0.jar:/Users/farhanahmedsheikh/.m2/repository/io/opentelemetry/opentelemetry-extension-incubator/1.26.0-alpha/opentelemetry-extension-incubator-1.26.0-alpha.jar:/Users/farhanahmedsheikh/.m2/repository/io/opentelemetry/opentelemetry-sdk-logs/1.26.0-alpha/opentelemetry-sdk-logs-1.26.0-alpha.jar:/Users/farhanahmedsheikh/.m2/repository/io/opentelemetry/opentelemetry-api-logs/1.26.0-alpha/opentelemetry-api-logs-1.26.0-alpha.jar:/Users/farhanahmedsheikh/.m2/repository/io/opentelemetry/opentelemetry-api-events/1.26.0-alpha/opentelemetry-api-events-1.26.0-alpha.jar:/Users/farhanahmedsheikh/.m2/repository/io/opentelemetry/opentelemetry-sdk-common/1.26.0/opentelemetry-sdk-common-1.26.0.jar:/Users/farhanahmedsheikh/.m2/repository/io/opentelemetry/opentelemetry-sdk-extension-autoconfigure-spi/1.26.0/opentelemetry-sdk-extension-autoconfigure-spi-1.26.0.jar:/Users/farhanahmedsheikh/.m2/repository/io/opentelemetry/opentelemetry-sdk-extension-autoconfigure/1.26.0-alpha/opentelemetry-sdk-extension-autoconfigure-1.26.0-alpha.jar:/Users/farhanahmedsheikh/.m2/repository/io/opentelemetry/opentelemetry-sdk-trace/1.26.0/opentelemetry-sdk-trace-1.26.0.jar:/Users/farhanahmedsheikh/.m2/repository/io/opentelemetry/opentelemetry-sdk/1.26.0/opentelemetry-sdk-1.26.0.jar:/Users/farhanahmedsheikh/.m2/repository/io/opentelemetry/opentelemetry-semconv/1.26.0-alpha/opentelemetry-semconv-1.26.0-alpha.jar:/Users/farhanahmedsheikh/.m2/repository/net/bytebuddy/byte-buddy/1.14.4/byte-buddy-1.14.4.jar:/Users/farhanahmedsheikh/.m2/repository/org/asynchttpclient/async-http-client/2.12.3/async-http-client-2.12.3.jar:/Users/farhanahmedsheikh/.m2/repository/org/asynchttpclient/async-http-client-netty-utils/2.12.3/async-http-client-netty-utils-2.12.3.jar:/Users/farhanahmedsheikh/.m2/repository/io/netty/netty-codec-socks/4.1.60.Final/netty-codec-socks-4.1.60.Final.jar:/Users/farhanahmedsheikh/.m2/repository/io/netty/netty-handler-proxy/4.1.60.Final/netty-handler-proxy-4.1.60.Final.jar:/Users/farhanahmedsheikh/.m2/repository/io/netty/netty-transport-native-epoll/4.1.60.Final/netty-transport-native-epoll-4.1.60.Final-linux-x86_64.jar:/Users/farhanahmedsheikh/.m2/repository/io/netty/netty-transport-native-kqueue/4.1.60.Final/netty-transport-native-kqueue-4.1.60.Final-osx-x86_64.jar:/Users/farhanahmedsheikh/.m2/repository/org/reactivestreams/reactive-streams/1.0.3/reactive-streams-1.0.3.jar:/Users/farhanahmedsheikh/.m2/repository/com/typesafe/netty/netty-reactive-streams/2.0.4/netty-reactive-streams-2.0.4.jar:/Users/farhanahmedsheikh/.m2/repository/com/sun/activation/jakarta.activation/1.2.2/jakarta.activation-1.2.2.jar:/Users/farhanahmedsheikh/.m2/repository/org/seleniumhq/selenium/selenium-safari-driver/4.10.0/selenium-safari-driver-4.10.0.jar:/Users/farhanahmedsheikh/.m2/repository/org/seleniumhq/selenium/selenium-support/4.10.0/selenium-support-4.10.0.jar:/Users/farhanahmedsheikh/.m2/repository/io/github/bonigarcia/webdrivermanager/5.3.2/webdrivermanager-5.3.2.jar:/Users/farhanahmedsheikh/.m2/repository/org/slf4j/slf4j-api/2.0.6/slf4j-api-2.0.6.jar:/Users/farhanahmedsheikh/.m2/repository/com/google/code/gson/gson/2.10.1/gson-2.10.1.jar:/Users/farhanahmedsheikh/.m2/repository/com/github/docker-java/docker-java/3.2.14/docker-java-3.2.14.jar:/Users/farhanahmedsheikh/.m2/repository/com/github/docker-java/docker-java-core/3.2.14/docker-java-core-3.2.14.jar:/Users/farhanahmedsheikh/.m2/repository/com/github/docker-java/docker-java-api/3.2.14/docker-java-api-3.2.14.jar:/Users/farhanahmedsheikh/.m2/repository/com/fasterxml/jackson/core/jackson-annotations/2.10.3/jackson-annotations-2.10.3.jar:/Users/farhanahmedsheikh/.m2/repository/commons-io/commons-io/2.6/commons-io-2.6.jar:/Users/farhanahmedsheikh/.m2/repository/org/apache/commons/commons-compress/1.21/commons-compress-1.21.jar:/Users/farhanahmedsheikh/.m2/repository/com/fasterxml/jackson/core/jackson-databind/2.10.3/jackson-databind-2.10.3.jar:/Users/farhanahmedsheikh/.m2/repository/com/fasterxml/jackson/core/jackson-core/2.10.3/jackson-core-2.10.3.jar:/Users/farhanahmedsheikh/.m2/repository/org/bouncycastle/bcpkix-jdk15on/1.64/bcpkix-jdk15on-1.64.jar:/Users/farhanahmedsheikh/.m2/repository/org/bouncycastle/bcprov-jdk15on/1.64/bcprov-jdk15on-1.64.jar:/Users/farhanahmedsheikh/.m2/repository/org/slf4j/jcl-over-slf4j/1.7.30/jcl-over-slf4j-1.7.30.jar:/Users/farhanahmedsheikh/.m2/repository/com/github/docker-java/docker-java-transport-httpclient5/3.2.14/docker-java-transport-httpclient5-3.2.14.jar:/Users/farhanahmedsheikh/.m2/repository/com/github/docker-java/docker-java-transport/3.2.14/docker-java-transport-3.2.14.jar:/Users/farhanahmedsheikh/.m2/repository/net/java/dev/jna/jna/5.12.1/jna-5.12.1.jar:/Users/farhanahmedsheikh/.m2/repository/org/brotli/dec/0.1.2/dec-0.1.2.jar:/Users/farhanahmedsheikh/.m2/repository/org/apache/commons/commons-lang3/3.12.0/commons-lang3-3.12.0.jar:/Users/farhanahmedsheikh/.m2/repository/org/apache/httpcomponents/client5/httpclient5/5.2.1/httpclient5-5.2.1.jar:/Users/farhanahmedsheikh/.m2/repository/org/apache/httpcomponents/core5/httpcore5/5.2/httpcore5-5.2.jar:/Users/farhanahmedsheikh/.m2/repository/org/apache/httpcomponents/core5/httpcore5-h2/5.2/httpcore5-h2-5.2.jar:/Users/farhanahmedsheikh/.m2/repository/org/slf4j/slf4j-log4j12/1.7.26/slf4j-log4j12-1.7.26.jar:/Users/farhanahmedsheikh/.m2/repository/log4j/log4j/1.2.17/log4j-1.2.17.jar:/Users/farhanahmedsheikh/.m2/repository/io/qameta/allure/allure-testng/2.21.0/allure-testng-2.21.0.jar:/Users/farhanahmedsheikh/.m2/repository/io/qameta/allure/allure-java-commons/2.21.0/allure-java-commons-2.21.0.jar:/Users/farhanahmedsheikh/.m2/repository/io/qameta/allure/allure-model/2.21.0/allure-model-2.21.0.jar:/Users/farhanahmedsheikh/.m2/repository/io/qameta/allure/allure-test-filter/2.21.0/allure-test-filter-2.21.0.jar:/Users/farhanahmedsheikh/.m2/repository/com/github/stephenc/monte/monte-screen-recorder/0.7.7.0/monte-screen-recorder-0.7.7.0.jar:/Users/farhanahmedsheikh/.m2/repository/io/qameta/allure/allure-maven/2.8/allure-maven-2.8.jar:/Users/farhanahmedsheikh/.m2/repository/org/apache/httpcomponents/httpclient/4.5.3/httpclient-4.5.3.jar:/Users/farhanahmedsheikh/.m2/repository/org/apache/httpcomponents/httpcore/4.4.6/httpcore-4.4.6.jar:/Users/farhanahmedsheikh/.m2/repository/commons-logging/commons-logging/1.2/commons-logging-1.2.jar:/Users/farhanahmedsheikh/.m2/repository/commons-codec/commons-codec/1.9/commons-codec-1.9.jar:/Users/farhanahmedsheikh/.m2/repository/org/apache/maven/maven-core/3.3.9/maven-core-3.3.9.jar:/Users/farhanahmedsheikh/.m2/repository/org/apache/maven/maven-model/3.3.9/maven-model-3.3.9.jar:/Users/farhanahmedsheikh/.m2/repository/org/apache/maven/maven-settings/3.3.9/maven-settings-3.3.9.jar:/Users/farhanahmedsheikh/.m2/repository/org/apache/maven/maven-settings-builder/3.3.9/maven-settings-builder-3.3.9.jar:/Users/farhanahmedsheikh/.m2/repository/org/apache/maven/maven-builder-support/3.3.9/maven-builder-support-3.3.9.jar:/Users/farhanahmedsheikh/.m2/repository/org/apache/maven/maven-repository-metadata/3.3.9/maven-repository-metadata-3.3.9.jar:/Users/farhanahmedsheikh/.m2/repository/org/apache/maven/maven-artifact/3.3.9/maven-artifact-3.3.9.jar:/Users/farhanahmedsheikh/.m2/repository/org/apache/maven/maven-plugin-api/3.3.9/maven-plugin-api-3.3.9.jar:/Users/farhanahmedsheikh/.m2/repository/org/apache/maven/maven-model-builder/3.3.9/maven-model-builder-3.3.9.jar:/Users/farhanahmedsheikh/.m2/repository/org/apache/maven/maven-aether-provider/3.3.9/maven-aether-provider-3.3.9.jar:/Users/farhanahmedsheikh/.m2/repository/org/eclipse/aether/aether-spi/1.0.2.v20150114/aether-spi-1.0.2.v20150114.jar:/Users/farhanahmedsheikh/.m2/repository/org/eclipse/aether/aether-impl/1.0.2.v20150114/aether-impl-1.0.2.v20150114.jar:/Users/farhanahmedsheikh/.m2/repository/org/eclipse/aether/aether-api/1.0.2.v20150114/aether-api-1.0.2.v20150114.jar:/Users/farhanahmedsheikh/.m2/repository/org/eclipse/aether/aether-util/1.0.2.v20150114/aether-util-1.0.2.v20150114.jar:/Users/farhanahmedsheikh/.m2/repository/org/eclipse/sisu/org.eclipse.sisu.plexus/0.3.2/org.eclipse.sisu.plexus-0.3.2.jar:/Users/farhanahmedsheikh/.m2/repository/javax/enterprise/cdi-api/1.0/cdi-api-1.0.jar:/Users/farhanahmedsheikh/.m2/repository/javax/annotation/jsr250-api/1.0/jsr250-api-1.0.jar:/Users/farhanahmedsheikh/.m2/repository/org/eclipse/sisu/org.eclipse.sisu.inject/0.3.2/org.eclipse.sisu.inject-0.3.2.jar:/Users/farhanahmedsheikh/.m2/repository/com/google/inject/guice/4.0/guice-4.0-no_aop.jar:/Users/farhanahmedsheikh/.m2/repository/javax/inject/javax.inject/1/javax.inject-1.jar:/Users/farhanahmedsheikh/.m2/repository/aopalliance/aopalliance/1.0/aopalliance-1.0.jar:/Users/farhanahmedsheikh/.m2/repository/org/codehaus/plexus/plexus-interpolation/1.21/plexus-interpolation-1.21.jar:/Users/farhanahmedsheikh/.m2/repository/org/codehaus/plexus/plexus-utils/3.0.22/plexus-utils-3.0.22.jar:/Users/farhanahmedsheikh/.m2/repository/org/codehaus/plexus/plexus-classworlds/2.5.2/plexus-classworlds-2.5.2.jar:/Users/farhanahmedsheikh/.m2/repository/org/codehaus/plexus/plexus-component-annotations/1.6/plexus-component-annotations-1.6.jar:/Users/farhanahmedsheikh/.m2/repository/org/sonatype/plexus/plexus-sec-dispatcher/1.3/plexus-sec-dispatcher-1.3.jar:/Users/farhanahmedsheikh/.m2/repository/org/sonatype/plexus/plexus-cipher/1.4/plexus-cipher-1.4.jar:/Users/farhanahmedsheikh/.m2/repository/org/apache/maven/reporting/maven-reporting-impl/2.4/maven-reporting-impl-2.4.jar:/Users/farhanahmedsheikh/.m2/repository/org/apache/maven/reporting/maven-reporting-api/3.0/maven-reporting-api-3.0.jar:/Users/farhanahmedsheikh/.m2/repository/org/apache/maven/maven-project/2.2.1/maven-project-2.2.1.jar:/Users/farhanahmedsheikh/.m2/repository/org/apache/maven/maven-profile/2.2.1/maven-profile-2.2.1.jar:/Users/farhanahmedsheikh/.m2/repository/org/apache/maven/maven-artifact-manager/2.2.1/maven-artifact-manager-2.2.1.jar:/Users/farhanahmedsheikh/.m2/repository/backport-util-concurrent/backport-util-concurrent/3.1/backport-util-concurrent-3.1.jar:/Users/farhanahmedsheikh/.m2/repository/org/apache/maven/maven-plugin-registry/2.2.1/maven-plugin-registry-2.2.1.jar:/Users/farhanahmedsheikh/.m2/repository/org/codehaus/plexus/plexus-container-default/1.0-alpha-9-stable-1/plexus-container-default-1.0-alpha-9-stable-1.jar:/Users/farhanahmedsheikh/.m2/repository/junit/junit/3.8.1/junit-3.8.1.jar:/Users/farhanahmedsheikh/.m2/repository/classworlds/classworlds/1.1-alpha-2/classworlds-1.1-alpha-2.jar:/Users/farhanahmedsheikh/.m2/repository/org/apache/maven/shared/maven-shared-utils/0.6/maven-shared-utils-0.6.jar:/Users/farhanahmedsheikh/.m2/repository/org/apache/maven/doxia/doxia-sink-api/1.6/doxia-sink-api-1.6.jar:/Users/farhanahmedsheikh/.m2/repository/org/apache/maven/doxia/doxia-logging-api/1.6/doxia-logging-api-1.6.jar:/Users/farhanahmedsheikh/.m2/repository/org/apache/maven/doxia/doxia-core/1.6/doxia-core-1.6.jar:/Users/farhanahmedsheikh/.m2/repository/xerces/xercesImpl/2.9.1/xercesImpl-2.9.1.jar:/Users/farhanahmedsheikh/.m2/repository/commons-lang/commons-lang/2.4/commons-lang-2.4.jar:/Users/farhanahmedsheikh/.m2/repository/xmlunit/xmlunit/1.5/xmlunit-1.5.jar:/Users/farhanahmedsheikh/.m2/repository/org/apache/maven/doxia/doxia-site-renderer/1.6/doxia-site-renderer-1.6.jar:/Users/farhanahmedsheikh/.m2/repository/org/apache/maven/doxia/doxia-decoration-model/1.6/doxia-decoration-model-1.6.jar:/Users/farhanahmedsheikh/.m2/repository/org/apache/maven/doxia/doxia-module-xhtml/1.6/doxia-module-xhtml-1.6.jar:/Users/farhanahmedsheikh/.m2/repository/org/apache/maven/doxia/doxia-module-fml/1.6/doxia-module-fml-1.6.jar:/Users/farhanahmedsheikh/.m2/repository/org/codehaus/plexus/plexus-i18n/1.0-beta-7/plexus-i18n-1.0-beta-7.jar:/Users/farhanahmedsheikh/.m2/repository/org/codehaus/plexus/plexus-velocity/1.1.7/plexus-velocity-1.1.7.jar:/Users/farhanahmedsheikh/.m2/repository/org/apache/velocity/velocity-tools/2.0/velocity-tools-2.0.jar:/Users/farhanahmedsheikh/.m2/repository/commons-chain/commons-chain/1.1/commons-chain-1.1.jar:/Users/farhanahmedsheikh/.m2/repository/dom4j/dom4j/1.1/dom4j-1.1.jar:/Users/farhanahmedsheikh/.m2/repository/sslext/sslext/1.2-0/sslext-1.2-0.jar:/Users/farhanahmedsheikh/.m2/repository/org/apache/struts/struts-core/1.3.8/struts-core-1.3.8.jar:/Users/farhanahmedsheikh/.m2/repository/antlr/antlr/2.7.2/antlr-2.7.2.jar:/Users/farhanahmedsheikh/.m2/repository/org/apache/struts/struts-taglib/1.3.8/struts-taglib-1.3.8.jar:/Users/farhanahmedsheikh/.m2/repository/org/apache/struts/struts-tiles/1.3.8/struts-tiles-1.3.8.jar:/Users/farhanahmedsheikh/.m2/repository/commons-validator/commons-validator/1.4.1/commons-validator-1.4.1.jar:/Users/farhanahmedsheikh/.m2/repository/commons-digester/commons-digester/1.8.1/commons-digester-1.8.1.jar:/Users/farhanahmedsheikh/.m2/repository/commons-beanutils/commons-beanutils/1.9.3/commons-beanutils-1.9.3.jar:/Users/farhanahmedsheikh/.m2/repository/commons-collections/commons-collections/3.2.2/commons-collections-3.2.2.jar:/Users/farhanahmedsheikh/.m2/repository/net/lingala/zip4j/zip4j/1.3.2/zip4j-1.3.2.jar:/Users/farhanahmedsheikh/.m2/repository/org/apache/commons/commons-exec/1.3/commons-exec-1.3.jar:/Users/farhanahmedsheikh/.m2/repository/org/apache/maven/plugin-tools/maven-plugin-annotations/3.2/maven-plugin-annotations-3.2.jar:/Users/farhanahmedsheikh/.m2/repository/org/apache/maven/plugins/maven-jxr-plugin/2.5/maven-jxr-plugin-2.5.jar:/Users/farhanahmedsheikh/.m2/repository/org/apache/velocity/velocity/1.5/velocity-1.5.jar:/Users/farhanahmedsheikh/.m2/repository/oro/oro/2.0.8/oro-2.0.8.jar:/Users/farhanahmedsheikh/.m2/repository/org/apache/maven/maven-jxr/2.5/maven-jxr-2.5.jar:/Users/farhanahmedsheikh/.m2/repository/org/apache/maven/wagon/wagon-provider-api/1.0/wagon-provider-api-1.0.jar:/Users/farhanahmedsheikh/.m2/repository/xml-apis/xml-apis/1.0.b2/xml-apis-1.0.b2.jar:/Users/farhanahmedsheikh/.m2/repository/xalan/xalan/2.7.0/xalan-2.7.0.jar:/Users/farhanahmedsheikh/.m2/repository/org/aspectj/aspectjweaver/1.9.19/aspectjweaver-1.9.19.jar:/Users/farhanahmedsheikh/.m2/repository/org/testng/testng/6.14.3/testng-6.14.3.jar:/Users/farhanahmedsheikh/.m2/repository/com/beust/jcommander/1.72/jcommander-1.72.jar:/Users/farhanahmedsheikh/.m2/repository/org/apache-extras/beanshell/bsh/2.0b6/bsh-2.0b6.jar:/Users/farhanahmedsheikh/.m2/repository/org/apache/maven/surefire/surefire-testng-utils/2.21.0/surefire-testng-utils-2.21.0.jar:/Users/farhanahmedsheikh/.m2/repository/org/apache/maven/surefire/surefire-grouper/2.21.0/surefire-grouper-2.21.0.jar:"/>
    <property name="sun.cpu.endian" value="little"/>
    <property name="user.home" value="/Users/farhanahmedsheikh"/>
    <property name="user.language" value="en"/>
    <property name="java.specification.vendor" value="Oracle Corporation"/>
    <property name="java.version.date" value="2022-10-18"/>
    <property name="java.home" value="/Library/Java/JavaVirtualMachines/jdk-19.jdk/Contents/Home"/>
    <property name="file.separator" value="/"/>
    <property name="https.proxyHost" value="127.0.0.1"/>
    <property name="basedir" value="/Users/farhanahmedsheikh/Documents/Projects/project/Webautomation"/>
    <property name="java.vm.compressedOopsMode" value="Zero based"/>
    <property name="line.separator" value="&#10;"/>
    <property name="java.vm.specification.vendor" value="Oracle Corporation"/>
    <property name="java.specification.name" value="Java Platform API Specification"/>
    <property name="apple.awt.application.name" value="ForkedBooter"/>
    <property name="surefire.real.class.path" value="/Users/farhanahmedsheikh/Documents/Projects/project/Webautomation/target/surefire/surefirebooter10653422289852201581.jar"/>
    <property name="sun.management.compiler" value="HotSpot 64-Bit Tiered Compilers"/>
    <property name="java.runtime.version" value="19.0.1+10-21"/>
    <property name="user.name" value="farhanahmedsheikh"/>
    <property name="stdout.encoding" value="US-ASCII"/>
    <property name="path.separator" value=":"/>
    <property name="os.version" value="13.5.1"/>
    <property name="java.runtime.name" value="Java(TM) SE Runtime Environment"/>
    <property name="file.encoding" value="UTF-8"/>
    <property name="java.vm.name" value="Java HotSpot(TM) 64-Bit Server VM"/>
    <property name="localRepository" value="/Users/farhanahmedsheikh/.m2/repository"/>
    <property name="java.vendor.url.bug" value="https://bugreport.java.com/bugreport/"/>
    <property name="java.io.tmpdir" value="/var/folders/cn/t8j6szvx4_nggkc90whr_ccr0000gp/T/"/>
    <property name="java.version" value="19.0.1"/>
    <property name="user.dir" value="/Users/farhanahmedsheikh/Documents/Projects/project/Webautomation"/>
    <property name="os.arch" value="aarch64"/>
    <property name="java.vm.specification.name" value="Java Virtual Machine Specification"/>
    <property name="native.encoding" value="US-ASCII"/>
    <property name="java.library.path" value="/Users/farhanahmedsheikh/Library/Java/Extensions:/Library/Java/Extensions:/Network/Library/Java/Extensions:/System/Library/Java/Extensions:/usr/lib/java:."/>
    <property name="java.vm.info" value="mixed mode, sharing"/>
    <property name="stderr.encoding" value="US-ASCII"/>
    <property name="java.vendor" value="Oracle Corporation"/>
    <property name="java.vm.version" value="19.0.1+10-21"/>
    <property name="sun.io.unicode.encoding" value="UnicodeBig"/>
    <property name="java.class.version" value="63.0"/>
    <property name="http.proxyPort" value="8888"/>
  </properties>
  <testcase name="CheckLogin_Text" classname="Tests.Regression_Suit" time="0.143"/>
  <testcase name="Checklogo" classname="Tests.Regression_Suit" time="0.038"/>
  <testcase name="verifyfooter_text" classname="Tests.Regression_Suit" time="0.024"/>
  <testcase name="verify_case6" classname="Tests.Regression_Suit" time="1.254"/>
  <testcase name="verify_Case5" classname="Tests.Regression_Suit" time="2.464"/>
  <testcase name="verify_Case4" classname="Tests.Regression_Suit" time="1.98"/>
  <testcase name="verify_Case3" classname="Tests.Regression_Suit" time="0.855"/>
  <testcase name="Empty_Login_and_Verify_username_validation" classname="Tests.Regression_Suit" time="0.311"/>
  <testcase name="verify_sucessful_login" classname="Tests.Regression_Suit" time="7.296"/>
  <testcase name="change_venture_BD" classname="Tests.Regression_Suit" time="9.542"/>
  <testcase name="left_menu_scraper_selection" classname="Tests.Regression_Suit" time="0.676"/>
  <testcase name="verify_pagetitle" classname="Tests.Regression_Suit" time="0.113"/>
  <testcase name="get_table_data_before_job_start" classname="Tests.Regression_Suit" time="91.418"/>
  <testcase name="check_cancel_button" classname="Tests.Regression_Suit" time="3.033"/>
  <testcase name="Start_Scraping_Jobs" classname="Tests.Regression_Suit" time="2.974"/>
  <testcase name="Success_msg" classname="Tests.Regression_Suit" time="0.617"/>
  <testcase name="getandcomparedata" classname="Tests.Regression_Suit" time="59.407">
    <failure message="expected [150] but found [148]" type="java.lang.AssertionError">java.lang.AssertionError: expected [150] but found [148]
	at Tests.Regression_Suit.getandcomparedata(Regression_Suit.java:180)
</failure>
    <system-out><![CDATA[

****************
Success_msg     
1

****************

148
]]></system-out>
  </testcase>
  <testcase name="verify_select20records" classname="Tests.Regression_Suit" time="25.388"/>
  <testcase name="verify_click_SKUMatching_module" classname="Tests.Regression_Suit" time="0.616"/>
  <testcase name="verify_Create_task_popup" classname="Tests.Regression_Suit" time="0.673"/>
  <testcase name="verify_create_task_popup_cancel_btn" classname="Tests.Regression_Suit" time="2.064"/>
  <testcase name="create_task_popup_cancel_icon" classname="Tests.Regression_Suit" time="2.637"/>
  <testcase name="verify_double_click_chaldal_remove_selection" classname="Tests.Regression_Suit" time="4.807"/>
  <testcase name="verify_check_single_competitor_selection" classname="Tests.Regression_Suit" time="7.14"/>
  <testcase name="verify_check_multiple_competitor_selection" classname="Tests.Regression_Suit" time="7.729"/>
  <testcase name="verify_Create_task_replace_file" classname="Tests.Regression_Suit" time="3.426"/>
  <testcase name="download_create_task_templete" classname="Tests.Regression_Suit" time="2.888">
    <failure message="/home/qaautomation/Downloads" type="java.nio.file.NoSuchFileException">java.nio.file.NoSuchFileException: /home/qaautomation/Downloads
	at Tests.Regression_Suit.download_create_task_templete(Regression_Suit.java:221)
</failure>
    <system-out><![CDATA[

****************
verify_Create_task_replace_file     
1

****************

]]></system-out>
  </testcase>
  <testcase name="get_table_data_before_create_task" classname="Tests.Regression_Suit" time="19.64"/>
  <testcase name="verify_create_task" classname="Tests.Regression_Suit" time="21.862"/>
  <testcase name="verify_get_task_data" classname="Tests.Regression_Suit" time="14.182">
    <failure message="Unparseable date: &quot;Wed, 20 Sep 2023 20:37:29 GMT&quot;" type="java.text.ParseException">java.text.ParseException: Unparseable date: "Wed, 20 Sep 2023 20:37:29 GMT"
	at Tests.Regression_Suit.verify_get_task_data(Regression_Suit.java:240)
</failure>
    <system-out><![CDATA[

****************
verify_create_task     
1

****************

Chaldal_bd,PandaMart,Pickaboo_bd,Shajgoj,Startech_BD
]]></system-out>
  </testcase>
  <testcase name="verify_task_created" classname="Tests.Regression_Suit" time="39.429"/>
  <testcase name="verify_click_task_details" classname="Tests.Regression_Suit" time="2.94"/>
  <testcase name="verify_matching_status_filter" classname="Tests.Regression_Suit" time="0.064"/>
  <testcase name="verify_all_active_skus_from_file" classname="Tests.Regression_Suit" time="4.706"/>
  <testcase name="click_add_competitor_sku_verify_popup" classname="Tests.Regression_Suit" time="1.478"/>
  <testcase name="click_cancel_popup" classname="Tests.Regression_Suit" time="3.452"/>
  <testcase name="verify_online_selection" classname="Tests.Regression_Suit" time="1.367"/>
  <testcase name="add_online_competitor_sku_match_valid_url" classname="Tests.Regression_Suit" time="3.256"/>
  <testcase name="verify_online_match_added" classname="Tests.Regression_Suit" time="5.454"/>
  <testcase name="add_online_competitor_sku_invalid_url" classname="Tests.Regression_Suit" time="2.19"/>
  <testcase name="verify_add_sku_btn_disable_on_popup_display" classname="Tests.Regression_Suit" time="1.332"/>
  <testcase name="verify_add_sku_btn_disable_on_competitor_select" classname="Tests.Regression_Suit" time="1.442"/>
  <testcase name="verify_add_sku_btn_disable_on_add_url" classname="Tests.Regression_Suit" time="1.58"/>
  <testcase name="verify_offline_selection" classname="Tests.Regression_Suit" time="1.395"/>
  <testcase name="add_offline_competitor_sku_match_valid_data_verify_button_disabled_on_sku_name" classname="Tests.Regression_Suit" time="1.454"/>
  <testcase name="add_offline_competitor_sku_match_valid_data_verify_button_disabled_on_sku_name_and_competitor_name" classname="Tests.Regression_Suit" time="1.55"/>
  <testcase name="add_offline_competitor_sku_match_valid_data_verify_button_disabled_on_sku_name_and_competitor_name_and_price" classname="Tests.Regression_Suit" time="3.452">
    <failure message="element click intercepted: Element &lt;a class=&quot;nav-link&quot;&gt;...&lt;/a&gt; is not clickable at point (556, 123). Other element would receive the click: &lt;div class=&quot;loader&quot;&gt;...&lt;/div&gt;&#10;  (Session info: headless chrome=110.0.5481.177)&#10;Build info: version: &apos;4.10.0&apos;, revision: &apos;c14d967899&apos;&#10;System info: os.name: &apos;Mac OS X&apos;, os.arch: &apos;aarch64&apos;, os.version: &apos;13.5.1&apos;, java.version: &apos;19.0.1&apos;&#10;Driver info: org.openqa.selenium.chrome.ChromeDriver&#10;Command: [746302c38a1ab8bb049f9d9d78b93d68, clickElement {id=3ef37641-0138-4c98-998d-8564991cb8bd}]&#10;Capabilities {acceptInsecureCerts: false, browserName: chrome, browserVersion: 110.0.5481.177, chrome: {chromedriverVersion: 110.0.5481.77 (65ed616c6e8e..., userDataDir: /var/folders/cn/t8j6szvx4_n...}, goog:chromeOptions: {debuggerAddress: localhost:52036}, networkConnectionEnabled: false, pageLoadStrategy: normal, platformName: mac, proxy: Proxy(), setWindowRect: true, strictFileInteractability: false, timeouts: {implicit: 0, pageLoad: 300000, script: 30000}, unhandledPromptBehavior: dismiss and notify, webauthn:extension:credBlob: true, webauthn:extension:largeBlob: true, webauthn:virtualAuthenticators: true}&#10;Element: [[ChromeDriver: chrome on mac (746302c38a1ab8bb049f9d9d78b93d68)] -&gt; xpath: //ul[@class = &apos;nav nav-tabs nav-pills&apos;]/li/a[contains(text(),&apos;Offline&apos;)]]&#10;Session ID: 746302c38a1ab8bb049f9d9d78b93d68" type="org.openqa.selenium.ElementClickInterceptedException"><![CDATA[org.openqa.selenium.ElementClickInterceptedException: 
element click intercepted: Element <a class="nav-link">...</a> is not clickable at point (556, 123). Other element would receive the click: <div class="loader">...</div>
  (Session info: headless chrome=110.0.5481.177)
Build info: version: '4.10.0', revision: 'c14d967899'
System info: os.name: 'Mac OS X', os.arch: 'aarch64', os.version: '13.5.1', java.version: '19.0.1'
Driver info: org.openqa.selenium.chrome.ChromeDriver
Command: [746302c38a1ab8bb049f9d9d78b93d68, clickElement {id=3ef37641-0138-4c98-998d-8564991cb8bd}]
Capabilities {acceptInsecureCerts: false, browserName: chrome, browserVersion: 110.0.5481.177, chrome: {chromedriverVersion: 110.0.5481.77 (65ed616c6e8e..., userDataDir: /var/folders/cn/t8j6szvx4_n...}, goog:chromeOptions: {debuggerAddress: localhost:52036}, networkConnectionEnabled: false, pageLoadStrategy: normal, platformName: mac, proxy: Proxy(), setWindowRect: true, strictFileInteractability: false, timeouts: {implicit: 0, pageLoad: 300000, script: 30000}, unhandledPromptBehavior: dismiss and notify, webauthn:extension:credBlob: true, webauthn:extension:largeBlob: true, webauthn:virtualAuthenticators: true}
Element: [[ChromeDriver: chrome on mac (746302c38a1ab8bb049f9d9d78b93d68)] -> xpath: //ul[@class = 'nav nav-tabs nav-pills']/li/a[contains(text(),'Offline')]]
Session ID: 746302c38a1ab8bb049f9d9d78b93d68
	at Tests.Regression_Suit.add_offline_competitor_sku_match_valid_data_verify_button_disabled_on_sku_name_and_competitor_name_and_price(Regression_Suit.java:343)
]]></failure>
    <system-out><![CDATA[

****************
add_offline_competitor_sku_match_valid_data_verify_button_disabled_on_sku_name_and_competitor_name     
1

****************

]]></system-out>
  </testcase>
  <testcase name="add_offline_competitor_sku_match_valid_data_verify_button_disabled_on_sku_name_and_competitor_name_and_l1_category" classname="Tests.Regression_Suit" time="7.899"/>
  <testcase name="add_offline_competitor_sku_match_valid_data_verify_button_enabled" classname="Tests.Regression_Suit" time="1.785"/>
  <testcase name="add_offline_competitor_sku_match_valid_data_click_add_sku_button" classname="Tests.Regression_Suit" time="2.366"/>
  <testcase name="verify_offline_competitor_sku_match_added_verify_competitor_sku" classname="Tests.Regression_Suit" time="3.937"/>
  <testcase name="verify_offline_competitor_sku_match_added_verify_competitor_name" classname="Tests.Regression_Suit" time="1.405"/>
  <testcase name="verify_offline_competitor_sku_match_added_verify_competitor_price" classname="Tests.Regression_Suit" time="2.922"/>
  <testcase name="verify_offline_competitor_sku_match_added_verify_competitor_category" classname="Tests.Regression_Suit" time="1.38"/>
  <testcase name="verify_database_tab_selection" classname="Tests.Regression_Suit" time="2.178"/>
  <testcase name="verify_database_tab_add_btn_disabled" classname="Tests.Regression_Suit" time="1.956"/>
  <testcase name="verify_search_btn_disabled" classname="Tests.Regression_Suit" time="1.42"/>
  <testcase name="verify_cancel_icon_database_tab" classname="Tests.Regression_Suit" time="3.652"/>
  <testcase name="verify_cancel_button_database_tab" classname="Tests.Regression_Suit" time="3.982"/>
  <testcase name="verify_search_btn_enabled_on_filter_selection" classname="Tests.Regression_Suit" time="1.823"/>
  <testcase name="verify_filter_competitor_name" classname="Tests.Regression_Suit" time="1.441"/>
  <testcase name="verify_data_on_filter_by_chaldal_database_tab" classname="Tests.Regression_Suit" time="5.54"/>
  <testcase name="verify_data_on_filter_by_pandamart_database_tab" classname="Tests.Regression_Suit" time="6.419"/>
  <testcase name="verify_data_on_filter_by_pickaboo_database_tab" classname="Tests.Regression_Suit" time="5.764"/>
  <testcase name="verify_data_on_filter_by_shajgoj_database_tab" classname="Tests.Regression_Suit" time="6.389"/>
  <testcase name="search_sku_name_against_competitor_database_tab" classname="Tests.Regression_Suit" time="12.16"/>
  <testcase name="add_match_database_tab" classname="Tests.Regression_Suit" time="3.282"/>
  <testcase name="verify_database_match_added" classname="Tests.Regression_Suit" time="1.478"/>
  <testcase name="download_file_task_details" classname="Tests.Regression_Suit" time="2.818">
    <failure message="/home/qaautomation/Downloads" type="java.nio.file.NoSuchFileException">java.nio.file.NoSuchFileException: /home/qaautomation/Downloads
	at Tests.Regression_Suit.download_file_task_details(Regression_Suit.java:453)
</failure>
    <system-out><![CDATA[

****************
verify_database_match_added     
1

****************

]]></system-out>
  </testcase>
  <testcase name="verify_view_matched_item_data" classname="Tests.Regression_Suit" time="1.311"/>
  <testcase name="mark_inaccurate" classname="Tests.Regression_Suit" time="4.568"/>
  <testcase name="mark_verified" classname="Tests.Regression_Suit" time="7.241"/>
  <testcase name="verify_mark_inaccurate_dropdown" classname="Tests.Regression_Suit" time="3.728"/>
  <testcase name="click_SKUMatching_module" classname="Tests.Regression_Suit" time="0.276"/>
  <testcase name="upload_online_match_valid_file_click_upload" classname="Tests.Regression_Suit" time="11.894"/>
  <testcase name="upload_online_match_valid_file_click_cancel_button" classname="Tests.Regression_Suit" time="10.405"/>
  <testcase name="upload_online_match_valid_file_click_cancel_icon" classname="Tests.Regression_Suit" time="0.123"/>
  <testcase name="upload_online_match_without_file" classname="Tests.Regression_Suit" time="0.728"/>
  <testcase name="upload_online_match_invalid_excel_file" classname="Tests.Regression_Suit" time="18.539"/>
  <testcase name="upload_online_match_invalid_image_file" classname="Tests.Regression_Suit" time="13.492"/>
  <testcase name="download_templete_online_matches" classname="Tests.Regression_Suit" time="2.154">
    <failure message="/home/qaautomation/Downloads" type="java.nio.file.NoSuchFileException">java.nio.file.NoSuchFileException: /home/qaautomation/Downloads
	at Tests.Regression_Suit.download_templete_online_matches(Regression_Suit.java:518)
</failure>
    <system-out><![CDATA[

****************
upload_online_match_invalid_image_file     
1

****************

]]></system-out>
  </testcase>
  <testcase name="online_get_task_data" classname="Tests.Regression_Suit" time="14.161">
    <failure message="Unparseable date: &quot;Wed, 20 Sep 2023 20:40:53 GMT&quot;" type="java.text.ParseException">java.text.ParseException: Unparseable date: "Wed, 20 Sep 2023 20:40:53 GMT"
	at Tests.Regression_Suit.online_get_task_data(Regression_Suit.java:522)
</failure>
    <system-out><![CDATA[

****************
download_templete_online_matches     
2

****************

MANUAL
]]></system-out>
  </testcase>
  <testcase name="click_task_details" classname="Tests.Regression_Suit" time="2.907"/>
  <testcase name="online_verify_all_active_skus_from_file" classname="Tests.Regression_Suit" time="5.198"/>
  <testcase name="online_verify_all_inactive_skus_from_file" classname="Tests.Regression_Suit" time="10.566"/>
  <testcase name="online_verify_search_by_sku_name_and_id" classname="Tests.Regression_Suit" time="24.689"/>
  <testcase name="online_verify_search_by_sku_id" classname="Tests.Regression_Suit" time="24.481"/>
  <testcase name="online_verify_search_by_sku_name" classname="Tests.Regression_Suit" time="31.92"/>
  <testcase name="online_click_add_competitor_sku_verify_popup" classname="Tests.Regression_Suit" time="1.906"/>
  <testcase name="online_click_cancel_popup" classname="Tests.Regression_Suit" time="3.399"/>
  <testcase name="online_verify_online_selection" classname="Tests.Regression_Suit" time="1.384"/>
  <testcase name="online_add_online_competitor_sku_match_valid_url" classname="Tests.Regression_Suit" time="2.746"/>
  <testcase name="online_verify_online_match_added" classname="Tests.Regression_Suit" time="4.965"/>
  <testcase name="online_add_online_competitor_sku_invalid_url" classname="Tests.Regression_Suit" time="0.71"/>
  <testcase name="online_verify_add_sku_btn_disable_on_popup_display" classname="Tests.Regression_Suit" time="1.881"/>
  <testcase name="online_verify_add_sku_btn_disable_on_competitor_select" classname="Tests.Regression_Suit" time="1.53"/>
  <testcase name="online_verify_add_sku_btn_disable_on_add_url" classname="Tests.Regression_Suit" time="1.505"/>
  <testcase name="online_verify_offline_selection" classname="Tests.Regression_Suit" time="1.361"/>
  <testcase name="online_add_offline_competitor_sku_match_valid_data_verify_button_disabled_on_sku_name" classname="Tests.Regression_Suit" time="1.429"/>
  <testcase name="online_add_offline_competitor_sku_match_valid_data_verify_button_disabled_on_sku_name_and_competitor_name" classname="Tests.Regression_Suit" time="1.484"/>
  <testcase name="online_add_offline_competitor_sku_match_valid_data_verify_button_disabled_on_sku_name_and_competitor_name_and_price" classname="Tests.Regression_Suit" time="1.644"/>
  <testcase name="online_add_offline_competitor_sku_match_valid_data_verify_button_disabled_on_sku_name_and_competitor_name_and_l1_category" classname="Tests.Regression_Suit" time="1.539"/>
  <testcase name="online_add_offline_competitor_sku_match_valid_data_verify_button_enabled" classname="Tests.Regression_Suit" time="1.961"/>
  <testcase name="online_add_offline_competitor_sku_match_valid_data_click_add_sku_button" classname="Tests.Regression_Suit" time="2.2"/>
  <testcase name="online_verify_offline_competitor_sku_match_added_verify_competitor_sku" classname="Tests.Regression_Suit" time="3.865"/>
  <testcase name="online_verify_offline_competitor_sku_match_added_verify_competitor_name" classname="Tests.Regression_Suit" time="1.383"/>
  <testcase name="online_verify_offline_competitor_sku_match_added_verify_competitor_price" classname="Tests.Regression_Suit" time="2.935"/>
  <testcase name="online_verify_offline_competitor_sku_match_added_verify_competitor_category" classname="Tests.Regression_Suit" time="1.414"/>
  <testcase name="online_verify_database_tab_selection" classname="Tests.Regression_Suit" time="1.463"/>
  <testcase name="online_verify_database_tab_add_btn_disabled" classname="Tests.Regression_Suit" time="1.921"/>
  <testcase name="online_verify_search_btn_disabled" classname="Tests.Regression_Suit" time="1.419"/>
  <testcase name="online_verify_cancel_icon_database_tab" classname="Tests.Regression_Suit" time="3.678"/>
  <testcase name="online_verify_cancel_button_database_tab" classname="Tests.Regression_Suit" time="4.078"/>
  <testcase name="online_verify_search_btn_enabled_on_filter_selection" classname="Tests.Regression_Suit" time="1.874"/>
  <testcase name="online_verify_filter_competitor_name" classname="Tests.Regression_Suit" time="2.509"/>
  <testcase name="online_verify_data_on_filter_by_chaldal_database_tab" classname="Tests.Regression_Suit" time="5.741"/>
  <testcase name="online_verify_data_on_filter_by_pandamart_database_tab" classname="Tests.Regression_Suit" time="7.117"/>
  <testcase name="online_verify_data_on_filter_by_pickaboo_database_tab" classname="Tests.Regression_Suit" time="5.685"/>
  <testcase name="online_verify_data_on_filter_by_shajgoj_database_tab" classname="Tests.Regression_Suit" time="6.378"/>
  <testcase name="online_search_sku_name_against_competitor_database_tab" classname="Tests.Regression_Suit" time="12.473"/>
  <testcase name="online_add_match_database_tab" classname="Tests.Regression_Suit" time="3.649"/>
  <testcase name="online_verify_database_match_added" classname="Tests.Regression_Suit" time="2.972"/>
  <testcase name="online_download_file_task_details" classname="Tests.Regression_Suit" time="3.41">
    <failure message="/home/qaautomation/Downloads" type="java.nio.file.NoSuchFileException">java.nio.file.NoSuchFileException: /home/qaautomation/Downloads
	at Tests.Regression_Suit.online_download_file_task_details(Regression_Suit.java:728)
</failure>
    <system-out><![CDATA[

****************
online_verify_database_match_added     
1

****************

]]></system-out>
  </testcase>
  <testcase name="online_verify_view_matched_item_data" classname="Tests.Regression_Suit" time="1.147"/>
  <testcase name="online_mark_inaccurate" classname="Tests.Regression_Suit" time="4.338"/>
  <testcase name="online_mark_verified" classname="Tests.Regression_Suit" time="8.384"/>
  <testcase name="online_verify_mark_inaccurate_dropdown" classname="Tests.Regression_Suit" time="3.685"/>
  <testcase name="click_SKUMatching_module3" classname="Tests.Regression_Suit" time="0.337"/>
  <testcase name="upload_offline_match_valid_file_click_cancel_button" classname="Tests.Regression_Suit" time="10.648"/>
  <testcase name="upload_offline_match_valid_file_click_upload" classname="Tests.Regression_Suit" time="61.846">
    <failure message="Expected condition failed: waiting for visibility of Proxy element for: DefaultElementLocator &apos;By.cssSelector: div.alert.fade.show&apos; (tried for 60 second(s) with 500 milliseconds interval)" type="org.openqa.selenium.TimeoutException">org.openqa.selenium.TimeoutException: Expected condition failed: waiting for visibility of Proxy element for: DefaultElementLocator 'By.cssSelector: div.alert.fade.show' (tried for 60 second(s) with 500 milliseconds interval)
	at Tests.Regression_Suit.upload_offline_match_valid_file_click_upload(Regression_Suit.java:773)
Caused by: org.openqa.selenium.NoSuchElementException: 
no such element: Unable to locate element: {"method":"css selector","selector":"div.alert.fade.show"}
  (Session info: headless chrome=110.0.5481.177)
For documentation on this error, please visit: https://www.selenium.dev/documentation/webdriver/troubleshooting/errors#no-such-element-exception
Build info: version: '4.10.0', revision: 'c14d967899'
System info: os.name: 'Mac OS X', os.arch: 'aarch64', os.version: '13.5.1', java.version: '19.0.1'
Driver info: org.openqa.selenium.chrome.ChromeDriver
Command: [746302c38a1ab8bb049f9d9d78b93d68, findElement {using=css selector, value=div.alert.fade.show}]
Capabilities {acceptInsecureCerts: false, browserName: chrome, browserVersion: 110.0.5481.177, chrome: {chromedriverVersion: 110.0.5481.77 (65ed616c6e8e..., userDataDir: /var/folders/cn/t8j6szvx4_n...}, goog:chromeOptions: {debuggerAddress: localhost:52036}, networkConnectionEnabled: false, pageLoadStrategy: normal, platformName: mac, proxy: Proxy(), setWindowRect: true, strictFileInteractability: false, timeouts: {implicit: 0, pageLoad: 300000, script: 30000}, unhandledPromptBehavior: dismiss and notify, webauthn:extension:credBlob: true, webauthn:extension:largeBlob: true, webauthn:virtualAuthenticators: true}
Session ID: 746302c38a1ab8bb049f9d9d78b93d68
	at Tests.Regression_Suit.upload_offline_match_valid_file_click_upload(Regression_Suit.java:773)
</failure>
    <system-out><![CDATA[

****************
upload_offline_match_valid_file_click_cancel_button     
1

****************

]]></system-out>
  </testcase>
  <testcase name="upload_offline_match_valid_file_click_cancel_icon" classname="Tests.Regression_Suit" time="5.957"/>
  <testcase name="upload_offline_match_without_file" classname="Tests.Regression_Suit" time="0.662"/>
  <testcase name="upload_offline_match_invalid_excel_file" classname="Tests.Regression_Suit" time="0.17"/>
  <testcase name="upload_offline_match_invalid_image_file" classname="Tests.Regression_Suit" time="8.51"/>
  <testcase name="download_templete_offline_matches" classname="Tests.Regression_Suit" time="2.548">
    <failure message="/home/qaautomation/Downloads" type="java.nio.file.NoSuchFileException">java.nio.file.NoSuchFileException: /home/qaautomation/Downloads
	at Tests.Regression_Suit.download_templete_offline_matches(Regression_Suit.java:793)
</failure>
    <system-out><![CDATA[

****************
upload_offline_match_invalid_image_file     
1

****************

]]></system-out>
  </testcase>
  <testcase name="offline_get_task_data" classname="Tests.Regression_Suit" time="14.164">
    <failure message="Unparseable date: &quot;Wed, 20 Sep 2023 20:40:53 GMT&quot;" type="java.text.ParseException">java.text.ParseException: Unparseable date: "Wed, 20 Sep 2023 20:40:53 GMT"
	at Tests.Regression_Suit.offline_get_task_data(Regression_Suit.java:797)
</failure>
    <system-out><![CDATA[

****************
download_templete_offline_matches     
2

****************

MANUAL
]]></system-out>
  </testcase>
  <testcase name="offline_click_task_details" classname="Tests.Regression_Suit" time="2.881"/>
  <testcase name="offline_verify_all_active_skus_from_file" classname="Tests.Regression_Suit" time="4.968"/>
  <testcase name="offline_verify_all_inactive_skus_from_file" classname="Tests.Regression_Suit" time="10.63"/>
  <testcase name="offline_verify_search_by_sku_name_and_id" classname="Tests.Regression_Suit" time="24.011"/>
  <testcase name="offline_verify_search_by_sku_id" classname="Tests.Regression_Suit" time="24.181"/>
  <testcase name="offline_verify_search_by_sku_name" classname="Tests.Regression_Suit" time="31.809"/>
  <testcase name="offline_click_add_competitor_sku_verify_popup" classname="Tests.Regression_Suit" time="1.58"/>
  <testcase name="offline_click_cancel_popup" classname="Tests.Regression_Suit" time="3.432"/>
  <testcase name="offline_verify_online_selection" classname="Tests.Regression_Suit" time="1.398"/>
  <testcase name="offline_add_online_competitor_sku_match_valid_url" classname="Tests.Regression_Suit" time="2.138"/>
  <testcase name="offline_verify_online_match_added" classname="Tests.Regression_Suit" time="5.015"/>
  <testcase name="offline_add_online_competitor_sku_invalid_url" classname="Tests.Regression_Suit" time="2.116"/>
  <testcase name="offline_verify_add_sku_btn_disable_on_popup_display" classname="Tests.Regression_Suit" time="1.329"/>
  <testcase name="offline_verify_add_sku_btn_disable_on_competitor_select" classname="Tests.Regression_Suit" time="1.377"/>
  <testcase name="offline_verify_add_sku_btn_disable_on_add_url" classname="Tests.Regression_Suit" time="1.481"/>
  <testcase name="offline_verify_offline_selection" classname="Tests.Regression_Suit" time="1.646"/>
  <testcase name="offline_add_offline_competitor_sku_match_valid_data_verify_button_disabled_on_sku_name" classname="Tests.Regression_Suit" time="1.434"/>
  <testcase name="offline_add_offline_competitor_sku_match_valid_data_verify_button_disabled_on_sku_name_and_competitor_name" classname="Tests.Regression_Suit" time="1.506"/>
  <testcase name="offline_add_offline_competitor_sku_match_valid_data_verify_button_disabled_on_sku_name_and_competitor_name_and_price" classname="Tests.Regression_Suit" time="1.582"/>
  <testcase name="offline_add_offline_competitor_sku_match_valid_data_verify_button_disabled_on_sku_name_and_competitor_name_and_l1_category" classname="Tests.Regression_Suit" time="1.55"/>
  <testcase name="offline_add_offline_competitor_sku_match_valid_data_verify_button_enabled" classname="Tests.Regression_Suit" time="1.573"/>
  <testcase name="offline_add_offline_competitor_sku_match_valid_data_click_add_sku_button" classname="Tests.Regression_Suit" time="2.128"/>
  <testcase name="offline_verify_offline_competitor_sku_match_added_verify_competitor_sku" classname="Tests.Regression_Suit" time="3.874"/>
  <testcase name="offline_verify_offline_competitor_sku_match_added_verify_competitor_name" classname="Tests.Regression_Suit" time="1.385"/>
  <testcase name="offline_verify_offline_competitor_sku_match_added_verify_competitor_price" classname="Tests.Regression_Suit" time="2.847"/>
  <testcase name="offline_verify_offline_competitor_sku_match_added_verify_competitor_category" classname="Tests.Regression_Suit" time="1.398"/>
  <testcase name="offline_verify_database_tab_selection" classname="Tests.Regression_Suit" time="1.389"/>
  <testcase name="offline_verify_database_tab_add_btn_disabled" classname="Tests.Regression_Suit" time="1.958"/>
  <testcase name="offline_verify_search_btn_disabled" classname="Tests.Regression_Suit" time="1.401"/>
  <testcase name="offline_verify_cancel_icon_database_tab" classname="Tests.Regression_Suit" time="3.807"/>
  <testcase name="offline_verify_cancel_button_database_tab" classname="Tests.Regression_Suit" time="4.501"/>
  <testcase name="offline_verify_search_btn_enabled_on_filter_selection" classname="Tests.Regression_Suit" time="1.648"/>
  <testcase name="offline_verify_filter_competitor_name" classname="Tests.Regression_Suit" time="1.369"/>
  <testcase name="offline_verify_data_on_filter_by_chaldal_database_tab" classname="Tests.Regression_Suit" time="5.601"/>
  <testcase name="offline_verify_data_on_filter_by_pandamart_database_tab" classname="Tests.Regression_Suit" time="6.43"/>
  <testcase name="offline_verify_data_on_filter_by_pickaboo_database_tab" classname="Tests.Regression_Suit" time="6.118"/>
  <testcase name="offline_verify_data_on_filter_by_shajgoj_database_tab" classname="Tests.Regression_Suit" time="6.355"/>
  <testcase name="offline_search_sku_name_against_competitor_database_tab" classname="Tests.Regression_Suit" time="12.304"/>
  <testcase name="offline_add_match_database_tab" classname="Tests.Regression_Suit" time="3.519"/>
  <testcase name="offline_verify_database_match_added" classname="Tests.Regression_Suit" time="1.519"/>
  <testcase name="offline_label_user" classname="Tests.Regression_Suit" time="2.06">
    <failure message="expected [Chaldal_bdPandaMartPickaboo_bdShajgojStartech_BDtest competitor] but found [Tech Team]" type="java.lang.AssertionError">java.lang.AssertionError: expected [Chaldal_bdPandaMartPickaboo_bdShajgojStartech_BDtest competitor] but found [Tech Team]
	at Tests.Regression_Suit.offline_label_user(Regression_Suit.java:995)
</failure>
    <system-out><![CDATA[

****************
offline_verify_database_match_added     
1

****************

]]></system-out>
  </testcase>
  <testcase name="offline_label_created_time" classname="Tests.Regression_Suit" time="0.03">
    <failure message="Unparseable date: &quot;Tech Team&quot;" type="java.text.ParseException">java.text.ParseException: Unparseable date: "Tech Team"
	at Tests.Regression_Suit.offline_label_created_time(Regression_Suit.java:998)
</failure>
    <system-out><![CDATA[

****************
offline_label_user     
2

****************

]]></system-out>
  </testcase>
  <testcase name="offline_download_file_task_details" classname="Tests.Regression_Suit" time="2.771">
    <failure message="/home/qaautomation/Downloads" type="java.nio.file.NoSuchFileException">java.nio.file.NoSuchFileException: /home/qaautomation/Downloads
	at Tests.Regression_Suit.offline_download_file_task_details(Regression_Suit.java:1001)
</failure>
    <system-out><![CDATA[

****************
offline_label_created_time     
2

****************

]]></system-out>
  </testcase>
  <testcase name="offline_verify_view_matched_item_data" classname="Tests.Regression_Suit" time="1.247"/>
  <testcase name="offline_mark_inaccurate" classname="Tests.Regression_Suit" time="4.387"/>
  <testcase name="offline_mark_verified" classname="Tests.Regression_Suit" time="6.825"/>
  <testcase name="offline_verify_mark_inaccurate_dropdown" classname="Tests.Regression_Suit" time="3.632"/>
  <testcase name="click_daraz_pricing_database_module" classname="Tests.Regression_Suit" time="9.162"/>
  <testcase name="get_sku_id" classname="Tests.Regression_Suit" time="1.079"/>
  <testcase name="verify_search_sku_name_lower_case" classname="Tests.Regression_Suit" time="99.387"/>
  <testcase name="verify_search_sku_name_upper_case" classname="Tests.Regression_Suit" time="99.164"/>
  <testcase name="verify_search_sku_id_and_name" classname="Tests.Regression_Suit" time="22.615"/>
  <testcase name="verify_search_sku_id" classname="Tests.Regression_Suit" time="18.519"/>
  <testcase name="filter_verify_option" classname="Tests.Regression_Suit" time="0.029"/>
  <testcase name="filter_by_defualt_option_all" classname="Tests.Regression_Suit" time="9.44"/>
  <testcase name="filter_by_higher_than" classname="Tests.Regression_Suit" time="16.783"/>
  <testcase name="filter_by_lower_than" classname="Tests.Regression_Suit" time="16.818"/>
  <testcase name="dpd_verify_view_matched_item_data" classname="Tests.Regression_Suit" time="2.447"/>
  <testcase name="dpd_verify_view_matched_item_data_7th_row" classname="Tests.Regression_Suit" time="2.376"/>
  <testcase name="dpdp_mark_inaccurate" classname="Tests.Regression_Suit" time="4.824"/>
  <testcase name="dpdp_mark_verified" classname="Tests.Regression_Suit" time="68.189">
    <failure message="Expected condition failed: waiting for visibility of [[ChromeDriver: chrome on mac (746302c38a1ab8bb049f9d9d78b93d68)] -&gt; css selector: table.table.table-striped.table-hover tbody tr:nth-child(1) td:nth-child(9) p.reason] (tried for 60 second(s) with 500 milliseconds interval)&#10;Build info: version: &apos;4.10.0&apos;, revision: &apos;c14d967899&apos;&#10;System info: os.name: &apos;Mac OS X&apos;, os.arch: &apos;aarch64&apos;, os.version: &apos;13.5.1&apos;, java.version: &apos;19.0.1&apos;&#10;Driver info: org.openqa.selenium.chrome.ChromeDriver&#10;Capabilities {acceptInsecureCerts: false, browserName: chrome, browserVersion: 110.0.5481.177, chrome: {chromedriverVersion: 110.0.5481.77 (65ed616c6e8e..., userDataDir: /var/folders/cn/t8j6szvx4_n...}, goog:chromeOptions: {debuggerAddress: localhost:52036}, networkConnectionEnabled: false, pageLoadStrategy: normal, platformName: mac, proxy: Proxy(), setWindowRect: true, strictFileInteractability: false, timeouts: {implicit: 0, pageLoad: 300000, script: 30000}, unhandledPromptBehavior: dismiss and notify, webauthn:extension:credBlob: true, webauthn:extension:largeBlob: true, webauthn:virtualAuthenticators: true}&#10;Session ID: 746302c38a1ab8bb049f9d9d78b93d68" type="org.openqa.selenium.TimeoutException">org.openqa.selenium.TimeoutException: 
Expected condition failed: waiting for visibility of [[ChromeDriver: chrome on mac (746302c38a1ab8bb049f9d9d78b93d68)] -> css selector: table.table.table-striped.table-hover tbody tr:nth-child(1) td:nth-child(9) p.reason] (tried for 60 second(s) with 500 milliseconds interval)
Build info: version: '4.10.0', revision: 'c14d967899'
System info: os.name: 'Mac OS X', os.arch: 'aarch64', os.version: '13.5.1', java.version: '19.0.1'
Driver info: org.openqa.selenium.chrome.ChromeDriver
Capabilities {acceptInsecureCerts: false, browserName: chrome, browserVersion: 110.0.5481.177, chrome: {chromedriverVersion: 110.0.5481.77 (65ed616c6e8e..., userDataDir: /var/folders/cn/t8j6szvx4_n...}, goog:chromeOptions: {debuggerAddress: localhost:52036}, networkConnectionEnabled: false, pageLoadStrategy: normal, platformName: mac, proxy: Proxy(), setWindowRect: true, strictFileInteractability: false, timeouts: {implicit: 0, pageLoad: 300000, script: 30000}, unhandledPromptBehavior: dismiss and notify, webauthn:extension:credBlob: true, webauthn:extension:largeBlob: true, webauthn:virtualAuthenticators: true}
Session ID: 746302c38a1ab8bb049f9d9d78b93d68
	at Tests.Regression_Suit.dpdp_mark_verified(Regression_Suit.java:1076)
</failure>
    <system-out><![CDATA[

****************
dpdp_mark_inaccurate     
1

****************

Chaldal_bd
PandaMart
VERIFIED

]]></system-out>
  </testcase>
  <testcase name="dpdp_verify_mark_inaccurate_dropdown" classname="Tests.Regression_Suit" time="2.612">
    <failure message="no such element: Unable to locate element: {&quot;method&quot;:&quot;xpath&quot;,&quot;selector&quot;:&quot;//ul[@class=&apos;nav nav-tabs nav-pills&apos;]/li/a[contains(text(),&apos;Chaldal_bd&apos;)]&quot;}&#10;  (Session info: headless chrome=110.0.5481.177)&#10;For documentation on this error, please visit: https://www.selenium.dev/documentation/webdriver/troubleshooting/errors#no-such-element-exception&#10;Build info: version: &apos;4.10.0&apos;, revision: &apos;c14d967899&apos;&#10;System info: os.name: &apos;Mac OS X&apos;, os.arch: &apos;aarch64&apos;, os.version: &apos;13.5.1&apos;, java.version: &apos;19.0.1&apos;&#10;Driver info: org.openqa.selenium.chrome.ChromeDriver&#10;Command: [746302c38a1ab8bb049f9d9d78b93d68, findElement {using=xpath, value=//ul[@class=&apos;nav nav-tabs nav-pills&apos;]/li/a[contains(text(),&apos;Chaldal_bd&apos;)]}]&#10;Capabilities {acceptInsecureCerts: false, browserName: chrome, browserVersion: 110.0.5481.177, chrome: {chromedriverVersion: 110.0.5481.77 (65ed616c6e8e..., userDataDir: /var/folders/cn/t8j6szvx4_n...}, goog:chromeOptions: {debuggerAddress: localhost:52036}, networkConnectionEnabled: false, pageLoadStrategy: normal, platformName: mac, proxy: Proxy(), setWindowRect: true, strictFileInteractability: false, timeouts: {implicit: 0, pageLoad: 300000, script: 30000}, unhandledPromptBehavior: dismiss and notify, webauthn:extension:credBlob: true, webauthn:extension:largeBlob: true, webauthn:virtualAuthenticators: true}&#10;Session ID: 746302c38a1ab8bb049f9d9d78b93d68" type="org.openqa.selenium.NoSuchElementException">org.openqa.selenium.NoSuchElementException: 
no such element: Unable to locate element: {"method":"xpath","selector":"//ul[@class='nav nav-tabs nav-pills']/li/a[contains(text(),'Chaldal_bd')]"}
  (Session info: headless chrome=110.0.5481.177)
For documentation on this error, please visit: https://www.selenium.dev/documentation/webdriver/troubleshooting/errors#no-such-element-exception
Build info: version: '4.10.0', revision: 'c14d967899'
System info: os.name: 'Mac OS X', os.arch: 'aarch64', os.version: '13.5.1', java.version: '19.0.1'
Driver info: org.openqa.selenium.chrome.ChromeDriver
Command: [746302c38a1ab8bb049f9d9d78b93d68, findElement {using=xpath, value=//ul[@class='nav nav-tabs nav-pills']/li/a[contains(text(),'Chaldal_bd')]}]
Capabilities {acceptInsecureCerts: false, browserName: chrome, browserVersion: 110.0.5481.177, chrome: {chromedriverVersion: 110.0.5481.77 (65ed616c6e8e..., userDataDir: /var/folders/cn/t8j6szvx4_n...}, goog:chromeOptions: {debuggerAddress: localhost:52036}, networkConnectionEnabled: false, pageLoadStrategy: normal, platformName: mac, proxy: Proxy(), setWindowRect: true, strictFileInteractability: false, timeouts: {implicit: 0, pageLoad: 300000, script: 30000}, unhandledPromptBehavior: dismiss and notify, webauthn:extension:credBlob: true, webauthn:extension:largeBlob: true, webauthn:virtualAuthenticators: true}
Session ID: 746302c38a1ab8bb049f9d9d78b93d68
	at Tests.Regression_Suit.dpdp_verify_mark_inaccurate_dropdown(Regression_Suit.java:1079)
</failure>
    <system-out><![CDATA[

****************
dpdp_mark_verified     
2

****************

]]></system-out>
  </testcase>
</testsuite>